Analysis & Synthesis report for practice2
Wed Apr 10 11:55:52 2024
Quartus Prime Version 20.1.0 Build 711 06/05/2020 SJ Lite Edition


---------------------
; Table of Contents ;
---------------------
  1. Legal Notice
  2. Analysis & Synthesis Summary
  3. Analysis & Synthesis Settings
  4. Parallel Compilation
  5. Analysis & Synthesis Source Files Read
  6. Analysis & Synthesis Resource Usage Summary
  7. Analysis & Synthesis Resource Utilization by Entity
  8. Registers Removed During Synthesis
  9. Removed Registers Triggering Further Register Optimizations
 10. General Register Statistics
 11. Parameter Settings for User Entity Instance: freq_div:f1
 12. Parameter Settings for User Entity Instance: freq_div:f2
 13. Parameter Settings for User Entity Instance: freq_div:f3
 14. Parameter Settings for User Entity Instance: updn_count:u1
 15. Port Connectivity Checks: "updn_count:u1"
 16. Post-Synthesis Netlist Statistics for Top Partition
 17. Elapsed Time Per Partition
 18. Analysis & Synthesis Messages



----------------
; Legal Notice ;
----------------
Copyright (C) 2020  Intel Corporation. All rights reserved.
Your use of Intel Corporation's design tools, logic functions 
and other software and tools, and any partner logic 
functions, and any output files from any of the foregoing 
(including device programming or simulation files), and any 
associated documentation or information are expressly subject 
to the terms and conditions of the Intel Program License 
Subscription Agreement, the Intel Quartus Prime License Agreement,
the Intel FPGA IP License Agreement, or other applicable license
agreement, including, without limitation, that your use is for
the sole purpose of programming logic devices manufactured by
Intel and sold by Intel or its authorized distributors.  Please
refer to the applicable agreement for further details, at
https://fpgasoftware.intel.com/eula.



+----------------------------------------------------------------------------------+
; Analysis & Synthesis Summary                                                     ;
+------------------------------------+---------------------------------------------+
; Analysis & Synthesis Status        ; Successful - Wed Apr 10 11:55:52 2024       ;
; Quartus Prime Version              ; 20.1.0 Build 711 06/05/2020 SJ Lite Edition ;
; Revision Name                      ; practice2                                   ;
; Top-level Entity Name              ; S1154007_q02                                ;
; Family                             ; MAX 10                                      ;
; Total logic elements               ; 82                                          ;
;     Total combinational functions  ; 82                                          ;
;     Dedicated logic registers      ; 30                                          ;
; Total registers                    ; 30                                          ;
; Total pins                         ; 8                                           ;
; Total virtual pins                 ; 0                                           ;
; Total memory bits                  ; 0                                           ;
; Embedded Multiplier 9-bit elements ; 0                                           ;
; Total PLLs                         ; 0                                           ;
; UFM blocks                         ; 0                                           ;
; ADC blocks                         ; 0                                           ;
+------------------------------------+---------------------------------------------+


+------------------------------------------------------------------------------------------------------------+
; Analysis & Synthesis Settings                                                                              ;
+------------------------------------------------------------------+--------------------+--------------------+
; Option                                                           ; Setting            ; Default Value      ;
+------------------------------------------------------------------+--------------------+--------------------+
; Device                                                           ; 10M50DAF484C7G     ;                    ;
; Top-level entity name                                            ; S1154007_q02       ; practice2          ;
; Family name                                                      ; MAX 10             ; Cyclone V          ;
; Use smart compilation                                            ; Off                ; Off                ;
; Enable parallel Assembler and Timing Analyzer during compilation ; On                 ; On                 ;
; Enable compact report table                                      ; Off                ; Off                ;
; Restructure Multiplexers                                         ; Auto               ; Auto               ;
; Create Debugging Nodes for IP Cores                              ; Off                ; Off                ;
; Preserve fewer node names                                        ; On                 ; On                 ;
; Intel FPGA IP Evaluation Mode                                    ; Enable             ; Enable             ;
; Verilog Version                                                  ; Verilog_2001       ; Verilog_2001       ;
; VHDL Version                                                     ; VHDL_1993          ; VHDL_1993          ;
; State Machine Processing                                         ; Auto               ; Auto               ;
; Safe State Machine                                               ; Off                ; Off                ;
; Extract Verilog State Machines                                   ; On                 ; On                 ;
; Extract VHDL State Machines                                      ; On                 ; On                 ;
; Ignore Verilog initial constructs                                ; Off                ; Off                ;
; Iteration limit for constant Verilog loops                       ; 5000               ; 5000               ;
; Iteration limit for non-constant Verilog loops                   ; 250                ; 250                ;
; Add Pass-Through Logic to Inferred RAMs                          ; On                 ; On                 ;
; Infer RAMs from Raw Logic                                        ; On                 ; On                 ;
; Parallel Synthesis                                               ; On                 ; On                 ;
; DSP Block Balancing                                              ; Auto               ; Auto               ;
; NOT Gate Push-Back                                               ; On                 ; On                 ;
; Power-Up Don't Care                                              ; On                 ; On                 ;
; Remove Redundant Logic Cells                                     ; Off                ; Off                ;
; Remove Duplicate Registers                                       ; On                 ; On                 ;
; Ignore CARRY Buffers                                             ; Off                ; Off                ;
; Ignore CASCADE Buffers                                           ; Off                ; Off                ;
; Ignore GLOBAL Buffers                                            ; Off                ; Off                ;
; Ignore ROW GLOBAL Buffers                                        ; Off                ; Off                ;
; Ignore LCELL Buffers                                             ; Off                ; Off                ;
; Ignore SOFT Buffers                                              ; On                 ; On                 ;
; Limit AHDL Integers to 32 Bits                                   ; Off                ; Off                ;
; Optimization Technique                                           ; Balanced           ; Balanced           ;
; Carry Chain Length                                               ; 70                 ; 70                 ;
; Auto Carry Chains                                                ; On                 ; On                 ;
; Auto Open-Drain Pins                                             ; On                 ; On                 ;
; Perform WYSIWYG Primitive Resynthesis                            ; Off                ; Off                ;
; Auto ROM Replacement                                             ; On                 ; On                 ;
; Auto RAM Replacement                                             ; On                 ; On                 ;
; Auto DSP Block Replacement                                       ; On                 ; On                 ;
; Auto Shift Register Replacement                                  ; Auto               ; Auto               ;
; Allow Shift Register Merging across Hierarchies                  ; Auto               ; Auto               ;
; Auto Clock Enable Replacement                                    ; On                 ; On                 ;
; Strict RAM Replacement                                           ; Off                ; Off                ;
; Allow Synchronous Control Signals                                ; On                 ; On                 ;
; Force Use of Synchronous Clear Signals                           ; Off                ; Off                ;
; Auto RAM Block Balancing                                         ; On                 ; On                 ;
; Auto RAM to Logic Cell Conversion                                ; Off                ; Off                ;
; Auto Resource Sharing                                            ; Off                ; Off                ;
; Allow Any RAM Size For Recognition                               ; Off                ; Off                ;
; Allow Any ROM Size For Recognition                               ; Off                ; Off                ;
; Allow Any Shift Register Size For Recognition                    ; Off                ; Off                ;
; Use LogicLock Constraints during Resource Balancing              ; On                 ; On                 ;
; Ignore translate_off and synthesis_off directives                ; Off                ; Off                ;
; Timing-Driven Synthesis                                          ; On                 ; On                 ;
; Report Parameter Settings                                        ; On                 ; On                 ;
; Report Source Assignments                                        ; On                 ; On                 ;
; Report Connectivity Checks                                       ; On                 ; On                 ;
; Ignore Maximum Fan-Out Assignments                               ; Off                ; Off                ;
; Synchronization Register Chain Length                            ; 2                  ; 2                  ;
; Power Optimization During Synthesis                              ; Normal compilation ; Normal compilation ;
; HDL message level                                                ; Level2             ; Level2             ;
; Suppress Register Optimization Related Messages                  ; Off                ; Off                ;
; Number of Removed Registers Reported in Synthesis Report         ; 5000               ; 5000               ;
; Number of Swept Nodes Reported in Synthesis Report               ; 5000               ; 5000               ;
; Number of Inverted Registers Reported in Synthesis Report        ; 100                ; 100                ;
; Clock MUX Protection                                             ; On                 ; On                 ;
; Auto Gated Clock Conversion                                      ; Off                ; Off                ;
; Block Design Naming                                              ; Auto               ; Auto               ;
; SDC constraint protection                                        ; Off                ; Off                ;
; Synthesis Effort                                                 ; Auto               ; Auto               ;
; Shift Register Replacement - Allow Asynchronous Clear Signal     ; On                 ; On                 ;
; Pre-Mapping Resynthesis Optimization                             ; Off                ; Off                ;
; Analysis & Synthesis Message Level                               ; Medium             ; Medium             ;
; Disable Register Merging Across Hierarchies                      ; Auto               ; Auto               ;
; Resource Aware Inference For Block RAM                           ; On                 ; On                 ;
+------------------------------------------------------------------+--------------------+--------------------+


+------------------------------------------+
; Parallel Compilation                     ;
+----------------------------+-------------+
; Processors                 ; Number      ;
+----------------------------+-------------+
; Number detected on machine ; 8           ;
; Maximum allowed            ; 8           ;
;                            ;             ;
; Average used               ; 1.00        ;
; Maximum used               ; 8           ;
;                            ;             ;
; Usage by Processor         ; % Time Used ;
;     Processor 1            ; 100.0%      ;
;     Processors 2-8         ;   0.0%      ;
+----------------------------+-------------+


+------------------------------------------------------------------------------------------------------------------------------------------------------------------------------------------------+
; Analysis & Synthesis Source Files Read                                                                                                                                                         ;
+---------------------------------------------------------------------+-----------------+------------------------+---------------------------------------------------------------------+---------+
; File Name with User-Entered Path                                    ; Used in Netlist ; File Type              ; File Name with Absolute Path                                        ; Library ;
+---------------------------------------------------------------------+-----------------+------------------------+---------------------------------------------------------------------+---------+
; C:/Users/Admin/Downloads/digital_lab_06_stud/snake_top/updn_count.v ; yes             ; User Verilog HDL File  ; C:/Users/Admin/Downloads/digital_lab_06_stud/snake_top/updn_count.v ;         ;
; C:/Users/Admin/Downloads/digital_lab_06_stud/snake_top/freq_div.v   ; yes             ; User Verilog HDL File  ; C:/Users/Admin/Downloads/digital_lab_06_stud/snake_top/freq_div.v   ;         ;
; S1154007_q02.v                                                      ; yes             ; User Verilog HDL File  ; D:/willy/practice2/S1154007_q02.v                                   ;         ;
+---------------------------------------------------------------------+-----------------+------------------------+---------------------------------------------------------------------+---------+


+---------------------------------------------------------+
; Analysis & Synthesis Resource Usage Summary             ;
+---------------------------------------------+-----------+
; Resource                                    ; Usage     ;
+---------------------------------------------+-----------+
; Estimated Total logic elements              ; 82        ;
;                                             ;           ;
; Total combinational functions               ; 82        ;
; Logic element usage by number of LUT inputs ;           ;
;     -- 4 input functions                    ; 0         ;
;     -- 3 input functions                    ; 5         ;
;     -- <=2 input functions                  ; 77        ;
;                                             ;           ;
; Logic elements by mode                      ;           ;
;     -- normal mode                          ; 12        ;
;     -- arithmetic mode                      ; 70        ;
;                                             ;           ;
; Total registers                             ; 30        ;
;     -- Dedicated logic registers            ; 30        ;
;     -- I/O registers                        ; 0         ;
;                                             ;           ;
; I/O pins                                    ; 8         ;
;                                             ;           ;
; Embedded Multiplier 9-bit elements          ; 0         ;
;                                             ;           ;
; Maximum fan-out node                        ; rst~input ;
; Maximum fan-out                             ; 30        ;
; Total fan-out                               ; 266       ;
; Average fan-out                             ; 2.08      ;
+---------------------------------------------+-----------+


+---------------------------------------------------------------------------------------------------------------------------------------------------------------------------------------------------------------------------------------------+
; Analysis & Synthesis Resource Utilization by Entity                                                                                                                                                                                         ;
+----------------------------+---------------------+---------------------------+-------------+------------+--------------+---------+-----------+------+--------------+------------+-----------------------------+--------------+--------------+
; Compilation Hierarchy Node ; Combinational ALUTs ; Dedicated Logic Registers ; Memory Bits ; UFM Blocks ; DSP Elements ; DSP 9x9 ; DSP 18x18 ; Pins ; Virtual Pins ; ADC blocks ; Full Hierarchy Name         ; Entity Name  ; Library Name ;
+----------------------------+---------------------+---------------------------+-------------+------------+--------------+---------+-----------+------+--------------+------------+-----------------------------+--------------+--------------+
; |S1154007_q02              ; 82 (7)              ; 30 (0)                    ; 0           ; 0          ; 0            ; 0       ; 0         ; 8    ; 0            ; 0          ; |S1154007_q02               ; S1154007_q02 ; work         ;
;    |freq_div:f1|           ; 23 (23)             ; 1 (1)                     ; 0           ; 0          ; 0            ; 0       ; 0         ; 0    ; 0            ; 0          ; |S1154007_q02|freq_div:f1   ; freq_div     ; work         ;
;    |freq_div:f2|           ; 24 (24)             ; 1 (1)                     ; 0           ; 0          ; 0            ; 0       ; 0         ; 0    ; 0            ; 0          ; |S1154007_q02|freq_div:f2   ; freq_div     ; work         ;
;    |freq_div:f3|           ; 26 (26)             ; 26 (26)                   ; 0           ; 0          ; 0            ; 0       ; 0         ; 0    ; 0            ; 0          ; |S1154007_q02|freq_div:f3   ; freq_div     ; work         ;
;    |updn_count:u1|         ; 2 (2)               ; 2 (2)                     ; 0           ; 0          ; 0            ; 0       ; 0         ; 0    ; 0            ; 0          ; |S1154007_q02|updn_count:u1 ; updn_count   ; work         ;
+----------------------------+---------------------+---------------------------+-------------+------------+--------------+---------+-----------+------+--------------+------------+-----------------------------+--------------+--------------+
Note: For table entries with two numbers listed, the numbers in parentheses indicate the number of resources of the given type used by the specific entity alone. The numbers listed outside of parentheses indicate the total resources of the given type used by the specific entity and all of its sub-entities in the hierarchy.


+------------------------------------------------------------------------------+
; Registers Removed During Synthesis                                           ;
+----------------------------------------+-------------------------------------+
; Register name                          ; Reason for Removal                  ;
+----------------------------------------+-------------------------------------+
; freq_div:f1|divider[0]                 ; Merged with freq_div:f3|divider[0]  ;
; freq_div:f2|divider[0]                 ; Merged with freq_div:f3|divider[0]  ;
; freq_div:f1|divider[1]                 ; Merged with freq_div:f3|divider[1]  ;
; freq_div:f2|divider[1]                 ; Merged with freq_div:f3|divider[1]  ;
; freq_div:f1|divider[2]                 ; Merged with freq_div:f2|divider[2]  ;
; freq_div:f2|divider[2]                 ; Merged with freq_div:f3|divider[2]  ;
; freq_div:f1|divider[3]                 ; Merged with freq_div:f2|divider[3]  ;
; freq_div:f2|divider[3]                 ; Merged with freq_div:f3|divider[3]  ;
; freq_div:f1|divider[4]                 ; Merged with freq_div:f2|divider[4]  ;
; freq_div:f2|divider[4]                 ; Merged with freq_div:f3|divider[4]  ;
; freq_div:f1|divider[5]                 ; Merged with freq_div:f2|divider[5]  ;
; freq_div:f2|divider[5]                 ; Merged with freq_div:f3|divider[5]  ;
; freq_div:f1|divider[6]                 ; Merged with freq_div:f2|divider[6]  ;
; freq_div:f2|divider[6]                 ; Merged with freq_div:f3|divider[6]  ;
; freq_div:f1|divider[7]                 ; Merged with freq_div:f2|divider[7]  ;
; freq_div:f2|divider[7]                 ; Merged with freq_div:f3|divider[7]  ;
; freq_div:f1|divider[8]                 ; Merged with freq_div:f2|divider[8]  ;
; freq_div:f2|divider[8]                 ; Merged with freq_div:f3|divider[8]  ;
; freq_div:f1|divider[9]                 ; Merged with freq_div:f2|divider[9]  ;
; freq_div:f2|divider[9]                 ; Merged with freq_div:f3|divider[9]  ;
; freq_div:f1|divider[10]                ; Merged with freq_div:f2|divider[10] ;
; freq_div:f2|divider[10]                ; Merged with freq_div:f3|divider[10] ;
; freq_div:f1|divider[11]                ; Merged with freq_div:f2|divider[11] ;
; freq_div:f2|divider[11]                ; Merged with freq_div:f3|divider[11] ;
; freq_div:f1|divider[12]                ; Merged with freq_div:f2|divider[12] ;
; freq_div:f2|divider[12]                ; Merged with freq_div:f3|divider[12] ;
; freq_div:f1|divider[13]                ; Merged with freq_div:f2|divider[13] ;
; freq_div:f2|divider[13]                ; Merged with freq_div:f3|divider[13] ;
; freq_div:f1|divider[14]                ; Merged with freq_div:f2|divider[14] ;
; freq_div:f2|divider[14]                ; Merged with freq_div:f3|divider[14] ;
; freq_div:f1|divider[15]                ; Merged with freq_div:f2|divider[15] ;
; freq_div:f2|divider[15]                ; Merged with freq_div:f3|divider[15] ;
; freq_div:f1|divider[16]                ; Merged with freq_div:f2|divider[16] ;
; freq_div:f2|divider[16]                ; Merged with freq_div:f3|divider[16] ;
; freq_div:f1|divider[17]                ; Merged with freq_div:f2|divider[17] ;
; freq_div:f2|divider[17]                ; Merged with freq_div:f3|divider[17] ;
; freq_div:f1|divider[18]                ; Merged with freq_div:f2|divider[18] ;
; freq_div:f2|divider[18]                ; Merged with freq_div:f3|divider[18] ;
; freq_div:f1|divider[19]                ; Merged with freq_div:f2|divider[19] ;
; freq_div:f2|divider[19]                ; Merged with freq_div:f3|divider[19] ;
; freq_div:f1|divider[20]                ; Merged with freq_div:f2|divider[20] ;
; freq_div:f2|divider[20]                ; Merged with freq_div:f3|divider[20] ;
; freq_div:f1|divider[21]                ; Merged with freq_div:f2|divider[21] ;
; freq_div:f2|divider[21]                ; Merged with freq_div:f3|divider[21] ;
; freq_div:f1|divider[22]                ; Merged with freq_div:f2|divider[22] ;
; freq_div:f2|divider[22]                ; Merged with freq_div:f3|divider[22] ;
; freq_div:f2|divider[23]                ; Merged with freq_div:f3|divider[23] ;
; updn_count:u1|count[2..4]              ; Lost fanout                         ;
; Total Number of Removed Registers = 50 ;                                     ;
+----------------------------------------+-------------------------------------+


+----------------------------------------------------------------------------------------------+
; Removed Registers Triggering Further Register Optimizations                                  ;
+------------------------+--------------------+------------------------------------------------+
; Register name          ; Reason for Removal ; Registers Removed due to This Register         ;
+------------------------+--------------------+------------------------------------------------+
; updn_count:u1|count[4] ; Lost Fanouts       ; updn_count:u1|count[3], updn_count:u1|count[2] ;
+------------------------+--------------------+------------------------------------------------+


+------------------------------------------------------+
; General Register Statistics                          ;
+----------------------------------------------+-------+
; Statistic                                    ; Value ;
+----------------------------------------------+-------+
; Total registers                              ; 30    ;
; Number of registers using Synchronous Clear  ; 0     ;
; Number of registers using Synchronous Load   ; 0     ;
; Number of registers using Asynchronous Clear ; 30    ;
; Number of registers using Asynchronous Load  ; 0     ;
; Number of registers using Clock Enable       ; 0     ;
; Number of registers using Preset             ; 0     ;
+----------------------------------------------+-------+


+----------------------------------------------------------+
; Parameter Settings for User Entity Instance: freq_div:f1 ;
+----------------+-------+---------------------------------+
; Parameter Name ; Value ; Type                            ;
+----------------+-------+---------------------------------+
; EXP            ; 24    ; Signed Integer                  ;
+----------------+-------+---------------------------------+
Note: In order to hide this table in the UI and the text report file, please set the "Show Parameter Settings in Synthesis Report" option in "Analysis and Synthesis Settings -> More Settings" to "Off".


+----------------------------------------------------------+
; Parameter Settings for User Entity Instance: freq_div:f2 ;
+----------------+-------+---------------------------------+
; Parameter Name ; Value ; Type                            ;
+----------------+-------+---------------------------------+
; EXP            ; 25    ; Signed Integer                  ;
+----------------+-------+---------------------------------+
Note: In order to hide this table in the UI and the text report file, please set the "Show Parameter Settings in Synthesis Report" option in "Analysis and Synthesis Settings -> More Settings" to "Off".


+----------------------------------------------------------+
; Parameter Settings for User Entity Instance: freq_div:f3 ;
+----------------+-------+---------------------------------+
; Parameter Name ; Value ; Type                            ;
+----------------+-------+---------------------------------+
; EXP            ; 26    ; Signed Integer                  ;
+----------------+-------+---------------------------------+
Note: In order to hide this table in the UI and the text report file, please set the "Show Parameter Settings in Synthesis Report" option in "Analysis and Synthesis Settings -> More Settings" to "Off".


+------------------------------------------------------------+
; Parameter Settings for User Entity Instance: updn_count:u1 ;
+----------------+-------+-----------------------------------+
; Parameter Name ; Value ; Type                              ;
+----------------+-------+-----------------------------------+
; CNT_LENGTH     ; 4     ; Signed Integer                    ;
+----------------+-------+-----------------------------------+
Note: In order to hide this table in the UI and the text report file, please set the "Show Parameter Settings in Synthesis Report" option in "Analysis and Synthesis Settings -> More Settings" to "Off".


+-------------------------------------------------------------------------------------------------------------------------------------------------------------------------------------------------------------------+
; Port Connectivity Checks: "updn_count:u1"                                                                                                                                                                         ;
+----------+--------+----------+------------------------------------------------------------------------------------------------------------------------------------------------------------------------------------+
; Port     ; Type   ; Severity ; Details                                                                                                                                                                            ;
+----------+--------+----------+------------------------------------------------------------------------------------------------------------------------------------------------------------------------------------+
; updn     ; Input  ; Warning  ; Input port expression (32 bits) is wider than the input port (1 bits) it drives.  The 31 most-significant bit(s) in the expression will be dangling if they have no other fanouts. ;
; updn[-1] ; Input  ; Info     ; Stuck at VCC                                                                                                                                                                       ;
; count    ; Output ; Warning  ; Output or bidir port (5 bits) is wider than the port expression (2 bits) it drives; bit(s) "count[4..2]" have no fanouts                                                           ;
+----------+--------+----------+------------------------------------------------------------------------------------------------------------------------------------------------------------------------------------+


+-----------------------------------------------------+
; Post-Synthesis Netlist Statistics for Top Partition ;
+-----------------------+-----------------------------+
; Type                  ; Count                       ;
+-----------------------+-----------------------------+
; boundary_port         ; 8                           ;
; cycloneiii_ff         ; 30                          ;
;     CLR               ; 30                          ;
; cycloneiii_lcell_comb ; 82                          ;
;     arith             ; 70                          ;
;         2 data inputs ; 67                          ;
;         3 data inputs ; 3                           ;
;     normal            ; 12                          ;
;         1 data inputs ; 5                           ;
;         2 data inputs ; 5                           ;
;         3 data inputs ; 2                           ;
;                       ;                             ;
; Max LUT depth         ; 3.40                        ;
; Average LUT depth     ; 2.68                        ;
+-----------------------+-----------------------------+


+-------------------------------+
; Elapsed Time Per Partition    ;
+----------------+--------------+
; Partition Name ; Elapsed Time ;
+----------------+--------------+
; Top            ; 00:00:00     ;
+----------------+--------------+


+-------------------------------+
; Analysis & Synthesis Messages ;
+-------------------------------+
Info: *******************************************************************
Info: Running Quartus Prime Analysis & Synthesis
    Info: Version 20.1.0 Build 711 06/05/2020 SJ Lite Edition
    Info: Processing started: Wed Apr 10 11:55:45 2024
Info: Command: quartus_map --read_settings_files=on --write_settings_files=off practice2 -c practice2
Warning (18236): Number of processors has not been specified which may cause overloading on shared machines.  Set the global assignment NUM_PARALLEL_PROCESSORS in your QSF to an appropriate value for best performance.
Info (20030): Parallel compilation is enabled and will use 8 of the 8 processors detected
Info (12021): Found 1 design units, including 1 entities, in source file c:/users/admin/downloads/digital_lab_06_stud/snake_top/updn_count.v
    Info (12023): Found entity 1: updn_count File: C:/Users/Admin/Downloads/digital_lab_06_stud/snake_top/updn_count.v Line: 2
Info (12021): Found 1 design units, including 1 entities, in source file c:/users/admin/downloads/digital_lab_06_stud/snake_top/freq_div.v
    Info (12023): Found entity 1: freq_div File: C:/Users/Admin/Downloads/digital_lab_06_stud/snake_top/freq_div.v Line: 2
Info (12021): Found 1 design units, including 1 entities, in source file s1154007_q02.v
    Info (12023): Found entity 1: S1154007_q02 File: D:/willy/practice2/S1154007_q02.v Line: 1
Info (12127): Elaborating entity "S1154007_q02" for the top level hierarchy
Info (12128): Elaborating entity "freq_div" for hierarchy "freq_div:f1" File: D:/willy/practice2/S1154007_q02.v Line: 8
Info (12128): Elaborating entity "freq_div" for hierarchy "freq_div:f2" File: D:/willy/practice2/S1154007_q02.v Line: 9
Info (12128): Elaborating entity "freq_div" for hierarchy "freq_div:f3" File: D:/willy/practice2/S1154007_q02.v Line: 10
Info (12128): Elaborating entity "updn_count" for hierarchy "updn_count:u1" File: D:/willy/practice2/S1154007_q02.v Line: 17
Warning (19016): Clock multiplexers are found and protected
    Warning (19017): Found clock multiplexer clk_cnt File: D:/willy/practice2/S1154007_q02.v Line: 12
    Warning (19017): Found clock multiplexer clk_cnt~0 File: D:/willy/practice2/S1154007_q02.v Line: 12
Warning (12241): 1 hierarchies have connectivity warnings - see the Connectivity Checks report folder
Info (286030): Timing-Driven Synthesis is running
Info (17049): 3 registers lost all their fanouts during netlist optimizations.
Info (16010): Generating hard_block partition "hard_block:auto_generated_inst"
    Info (16011): Adding 0 node(s), including 0 DDIO, 0 PLL, 0 transceiver and 0 LCELL
Info (21057): Implemented 90 device resources after synthesis - the final resource count might be different
    Info (21058): Implemented 4 input pins
    Info (21059): Implemented 4 output pins
    Info (21061): Implemented 82 logic cells
Info: Quartus Prime Analysis & Synthesis was successful. 0 errors, 5 warnings
    Info: Peak virtual memory: 4791 megabytes
    Info: Processing ended: Wed Apr 10 11:55:52 2024
    Info: Elapsed time: 00:00:07
    Info: Total CPU time (on all processors): 00:00:16


