Analysis & Synthesis report for up_down_counter
Wed Mar 27 10:53:46 2024
Quartus Prime Version 20.1.0 Build 711 06/05/2020 SJ Lite Edition


---------------------
; Table of Contents ;
---------------------
  1. Legal Notice
  2. Analysis & Synthesis Summary
  3. Analysis & Synthesis Settings
  4. Parallel Compilation
  5. Analysis & Synthesis Source Files Read
  6. Analysis & Synthesis Resource Usage Summary
  7. Analysis & Synthesis Resource Utilization by Entity
  8. User-Specified and Inferred Latches
  9. Registers Removed During Synthesis
 10. General Register Statistics
 11. Multiplexer Restructuring Statistics (Restructuring Performed)
 12. Parameter Settings for User Entity Instance: freq_div:f1
 13. Parameter Settings for User Entity Instance: updn_count:cnt0
 14. Parameter Settings for User Entity Instance: updn_count:cnt1
 15. Parameter Settings for User Entity Instance: updn_count:cnt2
 16. Parameter Settings for User Entity Instance: updn_count:cnt3
 17. Port Connectivity Checks: "updn_count:cnt3"
 18. Port Connectivity Checks: "updn_count:cnt2"
 19. Port Connectivity Checks: "updn_count:cnt1"
 20. Port Connectivity Checks: "updn_count:cnt0"
 21. Post-Synthesis Netlist Statistics for Top Partition
 22. Elapsed Time Per Partition
 23. Analysis & Synthesis Messages



----------------
; Legal Notice ;
----------------
Copyright (C) 2020  Intel Corporation. All rights reserved.
Your use of Intel Corporation's design tools, logic functions 
and other software and tools, and any partner logic 
functions, and any output files from any of the foregoing 
(including device programming or simulation files), and any 
associated documentation or information are expressly subject 
to the terms and conditions of the Intel Program License 
Subscription Agreement, the Intel Quartus Prime License Agreement,
the Intel FPGA IP License Agreement, or other applicable license
agreement, including, without limitation, that your use is for
the sole purpose of programming logic devices manufactured by
Intel and sold by Intel or its authorized distributors.  Please
refer to the applicable agreement for further details, at
https://fpgasoftware.intel.com/eula.



+----------------------------------------------------------------------------------+
; Analysis & Synthesis Summary                                                     ;
+------------------------------------+---------------------------------------------+
; Analysis & Synthesis Status        ; Successful - Wed Mar 27 10:53:46 2024       ;
; Quartus Prime Version              ; 20.1.0 Build 711 06/05/2020 SJ Lite Edition ;
; Revision Name                      ; up_down_counter                             ;
; Top-level Entity Name              ; led_top                                     ;
; Family                             ; MAX 10                                      ;
; Total logic elements               ; 147                                         ;
;     Total combinational functions  ; 147                                         ;
;     Dedicated logic registers      ; 37                                          ;
; Total registers                    ; 37                                          ;
; Total pins                         ; 14                                          ;
; Total virtual pins                 ; 0                                           ;
; Total memory bits                  ; 0                                           ;
; Embedded Multiplier 9-bit elements ; 0                                           ;
; Total PLLs                         ; 0                                           ;
; UFM blocks                         ; 0                                           ;
; ADC blocks                         ; 0                                           ;
+------------------------------------+---------------------------------------------+


+------------------------------------------------------------------------------------------------------------+
; Analysis & Synthesis Settings                                                                              ;
+------------------------------------------------------------------+--------------------+--------------------+
; Option                                                           ; Setting            ; Default Value      ;
+------------------------------------------------------------------+--------------------+--------------------+
; Device                                                           ; 10M50DAF484C7G     ;                    ;
; Top-level entity name                                            ; led_top            ; up_down_counter    ;
; Family name                                                      ; MAX 10             ; Cyclone V          ;
; Use smart compilation                                            ; Off                ; Off                ;
; Enable parallel Assembler and Timing Analyzer during compilation ; On                 ; On                 ;
; Enable compact report table                                      ; Off                ; Off                ;
; Restructure Multiplexers                                         ; Auto               ; Auto               ;
; Create Debugging Nodes for IP Cores                              ; Off                ; Off                ;
; Preserve fewer node names                                        ; On                 ; On                 ;
; Intel FPGA IP Evaluation Mode                                    ; Enable             ; Enable             ;
; Verilog Version                                                  ; Verilog_2001       ; Verilog_2001       ;
; VHDL Version                                                     ; VHDL_1993          ; VHDL_1993          ;
; State Machine Processing                                         ; Auto               ; Auto               ;
; Safe State Machine                                               ; Off                ; Off                ;
; Extract Verilog State Machines                                   ; On                 ; On                 ;
; Extract VHDL State Machines                                      ; On                 ; On                 ;
; Ignore Verilog initial constructs                                ; Off                ; Off                ;
; Iteration limit for constant Verilog loops                       ; 5000               ; 5000               ;
; Iteration limit for non-constant Verilog loops                   ; 250                ; 250                ;
; Add Pass-Through Logic to Inferred RAMs                          ; On                 ; On                 ;
; Infer RAMs from Raw Logic                                        ; On                 ; On                 ;
; Parallel Synthesis                                               ; On                 ; On                 ;
; DSP Block Balancing                                              ; Auto               ; Auto               ;
; NOT Gate Push-Back                                               ; On                 ; On                 ;
; Power-Up Don't Care                                              ; On                 ; On                 ;
; Remove Redundant Logic Cells                                     ; Off                ; Off                ;
; Remove Duplicate Registers                                       ; On                 ; On                 ;
; Ignore CARRY Buffers                                             ; Off                ; Off                ;
; Ignore CASCADE Buffers                                           ; Off                ; Off                ;
; Ignore GLOBAL Buffers                                            ; Off                ; Off                ;
; Ignore ROW GLOBAL Buffers                                        ; Off                ; Off                ;
; Ignore LCELL Buffers                                             ; Off                ; Off                ;
; Ignore SOFT Buffers                                              ; On                 ; On                 ;
; Limit AHDL Integers to 32 Bits                                   ; Off                ; Off                ;
; Optimization Technique                                           ; Balanced           ; Balanced           ;
; Carry Chain Length                                               ; 70                 ; 70                 ;
; Auto Carry Chains                                                ; On                 ; On                 ;
; Auto Open-Drain Pins                                             ; On                 ; On                 ;
; Perform WYSIWYG Primitive Resynthesis                            ; Off                ; Off                ;
; Auto ROM Replacement                                             ; On                 ; On                 ;
; Auto RAM Replacement                                             ; On                 ; On                 ;
; Auto DSP Block Replacement                                       ; On                 ; On                 ;
; Auto Shift Register Replacement                                  ; Auto               ; Auto               ;
; Allow Shift Register Merging across Hierarchies                  ; Auto               ; Auto               ;
; Auto Clock Enable Replacement                                    ; On                 ; On                 ;
; Strict RAM Replacement                                           ; Off                ; Off                ;
; Allow Synchronous Control Signals                                ; On                 ; On                 ;
; Force Use of Synchronous Clear Signals                           ; Off                ; Off                ;
; Auto RAM Block Balancing                                         ; On                 ; On                 ;
; Auto RAM to Logic Cell Conversion                                ; Off                ; Off                ;
; Auto Resource Sharing                                            ; Off                ; Off                ;
; Allow Any RAM Size For Recognition                               ; Off                ; Off                ;
; Allow Any ROM Size For Recognition                               ; Off                ; Off                ;
; Allow Any Shift Register Size For Recognition                    ; Off                ; Off                ;
; Use LogicLock Constraints during Resource Balancing              ; On                 ; On                 ;
; Ignore translate_off and synthesis_off directives                ; Off                ; Off                ;
; Timing-Driven Synthesis                                          ; On                 ; On                 ;
; Report Parameter Settings                                        ; On                 ; On                 ;
; Report Source Assignments                                        ; On                 ; On                 ;
; Report Connectivity Checks                                       ; On                 ; On                 ;
; Ignore Maximum Fan-Out Assignments                               ; Off                ; Off                ;
; Synchronization Register Chain Length                            ; 2                  ; 2                  ;
; Power Optimization During Synthesis                              ; Normal compilation ; Normal compilation ;
; HDL message level                                                ; Level2             ; Level2             ;
; Suppress Register Optimization Related Messages                  ; Off                ; Off                ;
; Number of Removed Registers Reported in Synthesis Report         ; 5000               ; 5000               ;
; Number of Swept Nodes Reported in Synthesis Report               ; 5000               ; 5000               ;
; Number of Inverted Registers Reported in Synthesis Report        ; 100                ; 100                ;
; Clock MUX Protection                                             ; On                 ; On                 ;
; Auto Gated Clock Conversion                                      ; Off                ; Off                ;
; Block Design Naming                                              ; Auto               ; Auto               ;
; SDC constraint protection                                        ; Off                ; Off                ;
; Synthesis Effort                                                 ; Auto               ; Auto               ;
; Shift Register Replacement - Allow Asynchronous Clear Signal     ; On                 ; On                 ;
; Pre-Mapping Resynthesis Optimization                             ; Off                ; Off                ;
; Analysis & Synthesis Message Level                               ; Medium             ; Medium             ;
; Disable Register Merging Across Hierarchies                      ; Auto               ; Auto               ;
; Resource Aware Inference For Block RAM                           ; On                 ; On                 ;
+------------------------------------------------------------------+--------------------+--------------------+


+------------------------------------------+
; Parallel Compilation                     ;
+----------------------------+-------------+
; Processors                 ; Number      ;
+----------------------------+-------------+
; Number detected on machine ; 8           ;
; Maximum allowed            ; 8           ;
;                            ;             ;
; Average used               ; 1.00        ;
; Maximum used               ; 8           ;
;                            ;             ;
; Usage by Processor         ; % Time Used ;
;     Processor 1            ; 100.0%      ;
;     Processor 2            ;   0.0%      ;
;     Processors 3-8         ;   0.0%      ;
+----------------------------+-------------+


+--------------------------------------------------------------------------------------------------------------------------------------------------------------------------------------------+
; Analysis & Synthesis Source Files Read                                                                                                                                                     ;
+-------------------------------------------------------------------+-----------------+------------------------+-------------------------------------------------------------------+---------+
; File Name with User-Entered Path                                  ; Used in Netlist ; File Type              ; File Name with Absolute Path                                      ; Library ;
+-------------------------------------------------------------------+-----------------+------------------------+-------------------------------------------------------------------+---------+
; C:/Users/Admin/Downloads/digital_lab_05_stud/led_top/updn_count.v ; yes             ; User Verilog HDL File  ; C:/Users/Admin/Downloads/digital_lab_05_stud/led_top/updn_count.v ;         ;
; C:/Users/Admin/Downloads/digital_lab_05_stud/led_top/rom_d.v      ; yes             ; User Verilog HDL File  ; C:/Users/Admin/Downloads/digital_lab_05_stud/led_top/rom_d.v      ;         ;
; C:/Users/Admin/Downloads/digital_lab_05_stud/led_top/rom_c.v      ; yes             ; User Verilog HDL File  ; C:/Users/Admin/Downloads/digital_lab_05_stud/led_top/rom_c.v      ;         ;
; C:/Users/Admin/Downloads/digital_lab_05_stud/led_top/rom_b.v      ; yes             ; User Verilog HDL File  ; C:/Users/Admin/Downloads/digital_lab_05_stud/led_top/rom_b.v      ;         ;
; C:/Users/Admin/Downloads/digital_lab_05_stud/led_top/rom_a.v      ; yes             ; User Verilog HDL File  ; C:/Users/Admin/Downloads/digital_lab_05_stud/led_top/rom_a.v      ;         ;
; C:/Users/Admin/Downloads/digital_lab_05_stud/led_top/led_top.v    ; yes             ; User Verilog HDL File  ; C:/Users/Admin/Downloads/digital_lab_05_stud/led_top/led_top.v    ;         ;
; C:/Users/Admin/Downloads/digital_lab_05_stud/led_top/freq_div.v   ; yes             ; User Verilog HDL File  ; C:/Users/Admin/Downloads/digital_lab_05_stud/led_top/freq_div.v   ;         ;
+-------------------------------------------------------------------+-----------------+------------------------+-------------------------------------------------------------------+---------+


+---------------------------------------------------------+
; Analysis & Synthesis Resource Usage Summary             ;
+---------------------------------------------+-----------+
; Resource                                    ; Usage     ;
+---------------------------------------------+-----------+
; Estimated Total logic elements              ; 147       ;
;                                             ;           ;
; Total combinational functions               ; 147       ;
; Logic element usage by number of LUT inputs ;           ;
;     -- 4 input functions                    ; 53        ;
;     -- 3 input functions                    ; 42        ;
;     -- <=2 input functions                  ; 52        ;
;                                             ;           ;
; Logic elements by mode                      ;           ;
;     -- normal mode                          ; 115       ;
;     -- arithmetic mode                      ; 32        ;
;                                             ;           ;
; Total registers                             ; 37        ;
;     -- Dedicated logic registers            ; 37        ;
;     -- I/O registers                        ; 0         ;
;                                             ;           ;
; I/O pins                                    ; 14        ;
;                                             ;           ;
; Embedded Multiplier 9-bit elements          ; 0         ;
;                                             ;           ;
; Maximum fan-out node                        ; rst~input ;
; Maximum fan-out                             ; 37        ;
; Total fan-out                               ; 572       ;
; Average fan-out                             ; 2.70      ;
+---------------------------------------------+-----------+


+-----------------------------------------------------------------------------------------------------------------------------------------------------------------------------------------------------------------------------------------+
; Analysis & Synthesis Resource Utilization by Entity                                                                                                                                                                                     ;
+----------------------------+---------------------+---------------------------+-------------+------------+--------------+---------+-----------+------+--------------+------------+--------------------------+-------------+--------------+
; Compilation Hierarchy Node ; Combinational ALUTs ; Dedicated Logic Registers ; Memory Bits ; UFM Blocks ; DSP Elements ; DSP 9x9 ; DSP 18x18 ; Pins ; Virtual Pins ; ADC blocks ; Full Hierarchy Name      ; Entity Name ; Library Name ;
+----------------------------+---------------------+---------------------------+-------------+------------+--------------+---------+-----------+------+--------------+------------+--------------------------+-------------+--------------+
; |led_top                   ; 147 (20)            ; 37 (0)                    ; 0           ; 0          ; 0            ; 0       ; 0         ; 14   ; 0            ; 0          ; |led_top                 ; led_top     ; work         ;
;    |freq_div:f1|           ; 24 (24)             ; 24 (24)                   ; 0           ; 0          ; 0            ; 0       ; 0         ; 0    ; 0            ; 0          ; |led_top|freq_div:f1     ; freq_div    ; work         ;
;    |rom_a:comb_8|          ; 14 (14)             ; 0 (0)                     ; 0           ; 0          ; 0            ; 0       ; 0         ; 0    ; 0            ; 0          ; |led_top|rom_a:comb_8    ; rom_a       ; work         ;
;    |rom_b:comb_9|          ; 31 (31)             ; 0 (0)                     ; 0           ; 0          ; 0            ; 0       ; 0         ; 0    ; 0            ; 0          ; |led_top|rom_b:comb_9    ; rom_b       ; work         ;
;    |rom_c:comb_10|         ; 14 (14)             ; 0 (0)                     ; 0           ; 0          ; 0            ; 0       ; 0         ; 0    ; 0            ; 0          ; |led_top|rom_c:comb_10   ; rom_c       ; work         ;
;    |rom_d:comb_11|         ; 21 (21)             ; 0 (0)                     ; 0           ; 0          ; 0            ; 0       ; 0         ; 0    ; 0            ; 0          ; |led_top|rom_d:comb_11   ; rom_d       ; work         ;
;    |updn_count:cnt0|       ; 7 (7)               ; 5 (5)                     ; 0           ; 0          ; 0            ; 0       ; 0         ; 0    ; 0            ; 0          ; |led_top|updn_count:cnt0 ; updn_count  ; work         ;
;    |updn_count:cnt1|       ; 9 (9)               ; 4 (4)                     ; 0           ; 0          ; 0            ; 0       ; 0         ; 0    ; 0            ; 0          ; |led_top|updn_count:cnt1 ; updn_count  ; work         ;
;    |updn_count:cnt2|       ; 7 (7)               ; 4 (4)                     ; 0           ; 0          ; 0            ; 0       ; 0         ; 0    ; 0            ; 0          ; |led_top|updn_count:cnt2 ; updn_count  ; work         ;
+----------------------------+---------------------+---------------------------+-------------+------------+--------------+---------+-----------+------+--------------+------------+--------------------------+-------------+--------------+
Note: For table entries with two numbers listed, the numbers in parentheses indicate the number of resources of the given type used by the specific entity alone. The numbers listed outside of parentheses indicate the total resources of the given type used by the specific entity and all of its sub-entities in the hierarchy.


+------------------------------------------------------------------------------------------------------+
; User-Specified and Inferred Latches                                                                  ;
+-----------------------------------------------------+-----------------------+------------------------+
; Latch Name                                          ; Latch Enable Signal   ; Free of Timing Hazards ;
+-----------------------------------------------------+-----------------------+------------------------+
; rom_c:comb_10|data[0]                               ; rom_c:comb_10|WideOr0 ; yes                    ;
; rom_b:comb_9|data[0]                                ; rom_b:comb_9|Mux10    ; yes                    ;
; rom_d:comb_11|data[0]                               ; rom_c:comb_10|WideOr0 ; yes                    ;
; rom_b:comb_9|data[1]                                ; rom_b:comb_9|Mux10    ; yes                    ;
; rom_c:comb_10|data[1]                               ; rom_c:comb_10|WideOr0 ; yes                    ;
; rom_d:comb_11|data[1]                               ; rom_c:comb_10|WideOr0 ; yes                    ;
; rom_c:comb_10|data[2]                               ; rom_c:comb_10|WideOr0 ; yes                    ;
; rom_b:comb_9|data[2]                                ; rom_b:comb_9|Mux10    ; yes                    ;
; rom_d:comb_11|data[2]                               ; rom_c:comb_10|WideOr0 ; yes                    ;
; rom_b:comb_9|data[3]                                ; rom_b:comb_9|Mux10    ; yes                    ;
; rom_c:comb_10|data[3]                               ; rom_c:comb_10|WideOr0 ; yes                    ;
; rom_d:comb_11|data[3]                               ; rom_c:comb_10|WideOr0 ; yes                    ;
; rom_c:comb_10|data[4]                               ; rom_c:comb_10|WideOr0 ; yes                    ;
; rom_b:comb_9|data[4]                                ; rom_b:comb_9|Mux10    ; yes                    ;
; rom_d:comb_11|data[4]                               ; rom_c:comb_10|WideOr0 ; yes                    ;
; rom_b:comb_9|data[5]                                ; rom_b:comb_9|Mux10    ; yes                    ;
; rom_c:comb_10|data[5]                               ; rom_c:comb_10|WideOr0 ; yes                    ;
; rom_d:comb_11|data[5]                               ; rom_c:comb_10|WideOr0 ; yes                    ;
; rom_c:comb_10|data[6]                               ; rom_c:comb_10|WideOr0 ; yes                    ;
; rom_b:comb_9|data[6]                                ; rom_b:comb_9|Mux10    ; yes                    ;
; rom_d:comb_11|data[6]                               ; rom_c:comb_10|WideOr0 ; yes                    ;
; rom_b:comb_9|data[7]                                ; rom_b:comb_9|Mux10    ; yes                    ;
; rom_c:comb_10|data[7]                               ; rom_c:comb_10|WideOr0 ; yes                    ;
; rom_d:comb_11|data[7]                               ; rom_c:comb_10|WideOr0 ; yes                    ;
; rom_c:comb_10|data[8]                               ; rom_c:comb_10|WideOr0 ; yes                    ;
; rom_b:comb_9|data[8]                                ; rom_b:comb_9|Mux10    ; yes                    ;
; rom_d:comb_11|data[8]                               ; rom_c:comb_10|WideOr0 ; yes                    ;
; rom_b:comb_9|data[9]                                ; rom_b:comb_9|Mux10    ; yes                    ;
; rom_c:comb_10|data[9]                               ; rom_c:comb_10|WideOr0 ; yes                    ;
; rom_d:comb_11|data[9]                               ; rom_c:comb_10|WideOr0 ; yes                    ;
; Number of user-specified and inferred latches = 30  ;                       ;                        ;
+-----------------------------------------------------+-----------------------+------------------------+
Note: All latches listed above may not be present at the end of synthesis due to various synthesis optimizations.


+------------------------------------------------------------------------------+
; Registers Removed During Synthesis                                           ;
+---------------------------------------+--------------------------------------+
; Register name                         ; Reason for Removal                   ;
+---------------------------------------+--------------------------------------+
; updn_count:cnt3|count[4]              ; Merged with updn_count:cnt2|count[4] ;
; updn_count:cnt3|count[3]              ; Merged with updn_count:cnt2|count[3] ;
; updn_count:cnt3|count[2]              ; Merged with updn_count:cnt2|count[2] ;
; updn_count:cnt3|count[1]              ; Merged with updn_count:cnt2|count[1] ;
; updn_count:cnt3|count[0]              ; Merged with updn_count:cnt2|count[0] ;
; updn_count:cnt2|count[0]              ; Merged with updn_count:cnt0|count[0] ;
; updn_count:cnt1|count[0]              ; Merged with updn_count:cnt0|count[0] ;
; Total Number of Removed Registers = 7 ;                                      ;
+---------------------------------------+--------------------------------------+


+------------------------------------------------------+
; General Register Statistics                          ;
+----------------------------------------------+-------+
; Statistic                                    ; Value ;
+----------------------------------------------+-------+
; Total registers                              ; 37    ;
; Number of registers using Synchronous Clear  ; 0     ;
; Number of registers using Synchronous Load   ; 0     ;
; Number of registers using Asynchronous Clear ; 37    ;
; Number of registers using Asynchronous Load  ; 0     ;
; Number of registers using Clock Enable       ; 0     ;
; Number of registers using Preset             ; 0     ;
+----------------------------------------------+-------+


+------------------------------------------------------------------------------------------------------------------------------------------+
; Multiplexer Restructuring Statistics (Restructuring Performed)                                                                           ;
+--------------------+-----------+---------------+----------------------+------------------------+------------+----------------------------+
; Multiplexer Inputs ; Bus Width ; Baseline Area ; Area if Restructured ; Saving if Restructured ; Registered ; Example Multiplexer Output ;
+--------------------+-----------+---------------+----------------------+------------------------+------------+----------------------------+
; 4:1                ; 10 bits   ; 20 LEs        ; 20 LEs               ; 0 LEs                  ; No         ; |led_top|led               ;
+--------------------+-----------+---------------+----------------------+------------------------+------------+----------------------------+


+----------------------------------------------------------+
; Parameter Settings for User Entity Instance: freq_div:f1 ;
+----------------+-------+---------------------------------+
; Parameter Name ; Value ; Type                            ;
+----------------+-------+---------------------------------+
; EXP            ; 24    ; Signed Integer                  ;
+----------------+-------+---------------------------------+
Note: In order to hide this table in the UI and the text report file, please set the "Show Parameter Settings in Synthesis Report" option in "Analysis and Synthesis Settings -> More Settings" to "Off".


+--------------------------------------------------------------+
; Parameter Settings for User Entity Instance: updn_count:cnt0 ;
+----------------+-------+-------------------------------------+
; Parameter Name ; Value ; Type                                ;
+----------------+-------+-------------------------------------+
; CNT_LENGTH     ; 10    ; Signed Integer                      ;
+----------------+-------+-------------------------------------+
Note: In order to hide this table in the UI and the text report file, please set the "Show Parameter Settings in Synthesis Report" option in "Analysis and Synthesis Settings -> More Settings" to "Off".


+--------------------------------------------------------------+
; Parameter Settings for User Entity Instance: updn_count:cnt1 ;
+----------------+-------+-------------------------------------+
; Parameter Name ; Value ; Type                                ;
+----------------+-------+-------------------------------------+
; CNT_LENGTH     ; 22    ; Signed Integer                      ;
+----------------+-------+-------------------------------------+
Note: In order to hide this table in the UI and the text report file, please set the "Show Parameter Settings in Synthesis Report" option in "Analysis and Synthesis Settings -> More Settings" to "Off".


+--------------------------------------------------------------+
; Parameter Settings for User Entity Instance: updn_count:cnt2 ;
+----------------+-------+-------------------------------------+
; Parameter Name ; Value ; Type                                ;
+----------------+-------+-------------------------------------+
; CNT_LENGTH     ; 18    ; Signed Integer                      ;
+----------------+-------+-------------------------------------+
Note: In order to hide this table in the UI and the text report file, please set the "Show Parameter Settings in Synthesis Report" option in "Analysis and Synthesis Settings -> More Settings" to "Off".


+--------------------------------------------------------------+
; Parameter Settings for User Entity Instance: updn_count:cnt3 ;
+----------------+-------+-------------------------------------+
; Parameter Name ; Value ; Type                                ;
+----------------+-------+-------------------------------------+
; CNT_LENGTH     ; 18    ; Signed Integer                      ;
+----------------+-------+-------------------------------------+
Note: In order to hide this table in the UI and the text report file, please set the "Show Parameter Settings in Synthesis Report" option in "Analysis and Synthesis Settings -> More Settings" to "Off".


+---------------------------------------------+
; Port Connectivity Checks: "updn_count:cnt3" ;
+------+-------+----------+-------------------+
; Port ; Type  ; Severity ; Details           ;
+------+-------+----------+-------------------+
; updn ; Input ; Info     ; Stuck at VCC      ;
+------+-------+----------+-------------------+


+---------------------------------------------+
; Port Connectivity Checks: "updn_count:cnt2" ;
+------+-------+----------+-------------------+
; Port ; Type  ; Severity ; Details           ;
+------+-------+----------+-------------------+
; updn ; Input ; Info     ; Stuck at VCC      ;
+------+-------+----------+-------------------+


+---------------------------------------------+
; Port Connectivity Checks: "updn_count:cnt1" ;
+------+-------+----------+-------------------+
; Port ; Type  ; Severity ; Details           ;
+------+-------+----------+-------------------+
; updn ; Input ; Info     ; Stuck at VCC      ;
+------+-------+----------+-------------------+


+---------------------------------------------+
; Port Connectivity Checks: "updn_count:cnt0" ;
+------+-------+----------+-------------------+
; Port ; Type  ; Severity ; Details           ;
+------+-------+----------+-------------------+
; updn ; Input ; Info     ; Stuck at VCC      ;
+------+-------+----------+-------------------+


+-----------------------------------------------------+
; Post-Synthesis Netlist Statistics for Top Partition ;
+-----------------------+-----------------------------+
; Type                  ; Count                       ;
+-----------------------+-----------------------------+
; boundary_port         ; 14                          ;
; cycloneiii_ff         ; 37                          ;
;     CLR               ; 37                          ;
; cycloneiii_lcell_comb ; 147                         ;
;     arith             ; 32                          ;
;         2 data inputs ; 29                          ;
;         3 data inputs ; 3                           ;
;     normal            ; 115                         ;
;         1 data inputs ; 5                           ;
;         2 data inputs ; 18                          ;
;         3 data inputs ; 39                          ;
;         4 data inputs ; 53                          ;
;                       ;                             ;
; Max LUT depth         ; 4.00                        ;
; Average LUT depth     ; 2.57                        ;
+-----------------------+-----------------------------+


+-------------------------------+
; Elapsed Time Per Partition    ;
+----------------+--------------+
; Partition Name ; Elapsed Time ;
+----------------+--------------+
; Top            ; 00:00:00     ;
+----------------+--------------+


+-------------------------------+
; Analysis & Synthesis Messages ;
+-------------------------------+
Info: *******************************************************************
Info: Running Quartus Prime Analysis & Synthesis
    Info: Version 20.1.0 Build 711 06/05/2020 SJ Lite Edition
    Info: Processing started: Wed Mar 27 10:53:39 2024
Info: Command: quartus_map --read_settings_files=on --write_settings_files=off up_down_counter -c up_down_counter
Warning (18236): Number of processors has not been specified which may cause overloading on shared machines.  Set the global assignment NUM_PARALLEL_PROCESSORS in your QSF to an appropriate value for best performance.
Info (20030): Parallel compilation is enabled and will use 8 of the 8 processors detected
Info (12021): Found 1 design units, including 1 entities, in source file c:/users/admin/downloads/digital_lab_05_stud/led_top/updn_count.v
    Info (12023): Found entity 1: updn_count File: C:/Users/Admin/Downloads/digital_lab_05_stud/led_top/updn_count.v Line: 2
Info (12021): Found 1 design units, including 1 entities, in source file c:/users/admin/downloads/digital_lab_05_stud/led_top/rom_d.v
    Info (12023): Found entity 1: rom_d File: C:/Users/Admin/Downloads/digital_lab_05_stud/led_top/rom_d.v Line: 2
Info (12021): Found 1 design units, including 1 entities, in source file c:/users/admin/downloads/digital_lab_05_stud/led_top/rom_c.v
    Info (12023): Found entity 1: rom_c File: C:/Users/Admin/Downloads/digital_lab_05_stud/led_top/rom_c.v Line: 2
Info (12021): Found 1 design units, including 1 entities, in source file c:/users/admin/downloads/digital_lab_05_stud/led_top/rom_b.v
    Info (12023): Found entity 1: rom_b File: C:/Users/Admin/Downloads/digital_lab_05_stud/led_top/rom_b.v Line: 2
Info (12021): Found 1 design units, including 1 entities, in source file c:/users/admin/downloads/digital_lab_05_stud/led_top/rom_a.v
    Info (12023): Found entity 1: rom_a File: C:/Users/Admin/Downloads/digital_lab_05_stud/led_top/rom_a.v Line: 2
Info (12021): Found 1 design units, including 1 entities, in source file c:/users/admin/downloads/digital_lab_05_stud/led_top/led_top.v
    Info (12023): Found entity 1: led_top File: C:/Users/Admin/Downloads/digital_lab_05_stud/led_top/led_top.v Line: 2
Info (12021): Found 1 design units, including 1 entities, in source file c:/users/admin/downloads/digital_lab_05_stud/led_top/freq_div.v
    Info (12023): Found entity 1: freq_div File: C:/Users/Admin/Downloads/digital_lab_05_stud/led_top/freq_div.v Line: 2
Critical Warning (10846): Verilog HDL Instantiation warning at led_top.v(18): instance has no name File: C:/Users/Admin/Downloads/digital_lab_05_stud/led_top/led_top.v Line: 18
Critical Warning (10846): Verilog HDL Instantiation warning at led_top.v(19): instance has no name File: C:/Users/Admin/Downloads/digital_lab_05_stud/led_top/led_top.v Line: 19
Critical Warning (10846): Verilog HDL Instantiation warning at led_top.v(20): instance has no name File: C:/Users/Admin/Downloads/digital_lab_05_stud/led_top/led_top.v Line: 20
Critical Warning (10846): Verilog HDL Instantiation warning at led_top.v(21): instance has no name File: C:/Users/Admin/Downloads/digital_lab_05_stud/led_top/led_top.v Line: 21
Info (12127): Elaborating entity "led_top" for the top level hierarchy
Info (12128): Elaborating entity "freq_div" for hierarchy "freq_div:f1" File: C:/Users/Admin/Downloads/digital_lab_05_stud/led_top/led_top.v Line: 11
Warning (10230): Verilog HDL assignment warning at freq_div.v(15): truncated value with size 32 to match size of target (24) File: C:/Users/Admin/Downloads/digital_lab_05_stud/led_top/freq_div.v Line: 15
Info (12128): Elaborating entity "updn_count" for hierarchy "updn_count:cnt0" File: C:/Users/Admin/Downloads/digital_lab_05_stud/led_top/led_top.v Line: 13
Warning (10230): Verilog HDL assignment warning at updn_count.v(20): truncated value with size 32 to match size of target (5) File: C:/Users/Admin/Downloads/digital_lab_05_stud/led_top/updn_count.v Line: 20
Warning (10230): Verilog HDL assignment warning at updn_count.v(24): truncated value with size 32 to match size of target (5) File: C:/Users/Admin/Downloads/digital_lab_05_stud/led_top/updn_count.v Line: 24
Warning (10230): Verilog HDL assignment warning at updn_count.v(25): truncated value with size 32 to match size of target (5) File: C:/Users/Admin/Downloads/digital_lab_05_stud/led_top/updn_count.v Line: 25
Info (12128): Elaborating entity "updn_count" for hierarchy "updn_count:cnt1" File: C:/Users/Admin/Downloads/digital_lab_05_stud/led_top/led_top.v Line: 14
Warning (10230): Verilog HDL assignment warning at updn_count.v(20): truncated value with size 32 to match size of target (5) File: C:/Users/Admin/Downloads/digital_lab_05_stud/led_top/updn_count.v Line: 20
Warning (10230): Verilog HDL assignment warning at updn_count.v(24): truncated value with size 32 to match size of target (5) File: C:/Users/Admin/Downloads/digital_lab_05_stud/led_top/updn_count.v Line: 24
Warning (10230): Verilog HDL assignment warning at updn_count.v(25): truncated value with size 32 to match size of target (5) File: C:/Users/Admin/Downloads/digital_lab_05_stud/led_top/updn_count.v Line: 25
Info (12128): Elaborating entity "updn_count" for hierarchy "updn_count:cnt2" File: C:/Users/Admin/Downloads/digital_lab_05_stud/led_top/led_top.v Line: 15
Warning (10230): Verilog HDL assignment warning at updn_count.v(20): truncated value with size 32 to match size of target (5) File: C:/Users/Admin/Downloads/digital_lab_05_stud/led_top/updn_count.v Line: 20
Warning (10230): Verilog HDL assignment warning at updn_count.v(24): truncated value with size 32 to match size of target (5) File: C:/Users/Admin/Downloads/digital_lab_05_stud/led_top/updn_count.v Line: 24
Warning (10230): Verilog HDL assignment warning at updn_count.v(25): truncated value with size 32 to match size of target (5) File: C:/Users/Admin/Downloads/digital_lab_05_stud/led_top/updn_count.v Line: 25
Info (12128): Elaborating entity "rom_a" for hierarchy "rom_a:comb_8" File: C:/Users/Admin/Downloads/digital_lab_05_stud/led_top/led_top.v Line: 18
Info (12128): Elaborating entity "rom_b" for hierarchy "rom_b:comb_9" File: C:/Users/Admin/Downloads/digital_lab_05_stud/led_top/led_top.v Line: 19
Warning (10270): Verilog HDL Case Statement warning at rom_b.v(7): incomplete case statement has no default case item File: C:/Users/Admin/Downloads/digital_lab_05_stud/led_top/rom_b.v Line: 7
Warning (10240): Verilog HDL Always Construct warning at rom_b.v(6): inferring latch(es) for variable "data", which holds its previous value in one or more paths through the always construct File: C:/Users/Admin/Downloads/digital_lab_05_stud/led_top/rom_b.v Line: 6
Info (10041): Inferred latch for "data[0]" at rom_b.v(6) File: C:/Users/Admin/Downloads/digital_lab_05_stud/led_top/rom_b.v Line: 6
Info (10041): Inferred latch for "data[1]" at rom_b.v(6) File: C:/Users/Admin/Downloads/digital_lab_05_stud/led_top/rom_b.v Line: 6
Info (10041): Inferred latch for "data[2]" at rom_b.v(6) File: C:/Users/Admin/Downloads/digital_lab_05_stud/led_top/rom_b.v Line: 6
Info (10041): Inferred latch for "data[3]" at rom_b.v(6) File: C:/Users/Admin/Downloads/digital_lab_05_stud/led_top/rom_b.v Line: 6
Info (10041): Inferred latch for "data[4]" at rom_b.v(6) File: C:/Users/Admin/Downloads/digital_lab_05_stud/led_top/rom_b.v Line: 6
Info (10041): Inferred latch for "data[5]" at rom_b.v(6) File: C:/Users/Admin/Downloads/digital_lab_05_stud/led_top/rom_b.v Line: 6
Info (10041): Inferred latch for "data[6]" at rom_b.v(6) File: C:/Users/Admin/Downloads/digital_lab_05_stud/led_top/rom_b.v Line: 6
Info (10041): Inferred latch for "data[7]" at rom_b.v(6) File: C:/Users/Admin/Downloads/digital_lab_05_stud/led_top/rom_b.v Line: 6
Info (10041): Inferred latch for "data[8]" at rom_b.v(6) File: C:/Users/Admin/Downloads/digital_lab_05_stud/led_top/rom_b.v Line: 6
Info (10041): Inferred latch for "data[9]" at rom_b.v(6) File: C:/Users/Admin/Downloads/digital_lab_05_stud/led_top/rom_b.v Line: 6
Info (12128): Elaborating entity "rom_c" for hierarchy "rom_c:comb_10" File: C:/Users/Admin/Downloads/digital_lab_05_stud/led_top/led_top.v Line: 20
Warning (10270): Verilog HDL Case Statement warning at rom_c.v(7): incomplete case statement has no default case item File: C:/Users/Admin/Downloads/digital_lab_05_stud/led_top/rom_c.v Line: 7
Warning (10240): Verilog HDL Always Construct warning at rom_c.v(6): inferring latch(es) for variable "data", which holds its previous value in one or more paths through the always construct File: C:/Users/Admin/Downloads/digital_lab_05_stud/led_top/rom_c.v Line: 6
Info (10041): Inferred latch for "data[0]" at rom_c.v(6) File: C:/Users/Admin/Downloads/digital_lab_05_stud/led_top/rom_c.v Line: 6
Info (10041): Inferred latch for "data[1]" at rom_c.v(6) File: C:/Users/Admin/Downloads/digital_lab_05_stud/led_top/rom_c.v Line: 6
Info (10041): Inferred latch for "data[2]" at rom_c.v(6) File: C:/Users/Admin/Downloads/digital_lab_05_stud/led_top/rom_c.v Line: 6
Info (10041): Inferred latch for "data[3]" at rom_c.v(6) File: C:/Users/Admin/Downloads/digital_lab_05_stud/led_top/rom_c.v Line: 6
Info (10041): Inferred latch for "data[4]" at rom_c.v(6) File: C:/Users/Admin/Downloads/digital_lab_05_stud/led_top/rom_c.v Line: 6
Info (10041): Inferred latch for "data[5]" at rom_c.v(6) File: C:/Users/Admin/Downloads/digital_lab_05_stud/led_top/rom_c.v Line: 6
Info (10041): Inferred latch for "data[6]" at rom_c.v(6) File: C:/Users/Admin/Downloads/digital_lab_05_stud/led_top/rom_c.v Line: 6
Info (10041): Inferred latch for "data[7]" at rom_c.v(6) File: C:/Users/Admin/Downloads/digital_lab_05_stud/led_top/rom_c.v Line: 6
Info (10041): Inferred latch for "data[8]" at rom_c.v(6) File: C:/Users/Admin/Downloads/digital_lab_05_stud/led_top/rom_c.v Line: 6
Info (10041): Inferred latch for "data[9]" at rom_c.v(6) File: C:/Users/Admin/Downloads/digital_lab_05_stud/led_top/rom_c.v Line: 6
Info (12128): Elaborating entity "rom_d" for hierarchy "rom_d:comb_11" File: C:/Users/Admin/Downloads/digital_lab_05_stud/led_top/led_top.v Line: 21
Warning (10270): Verilog HDL Case Statement warning at rom_d.v(7): incomplete case statement has no default case item File: C:/Users/Admin/Downloads/digital_lab_05_stud/led_top/rom_d.v Line: 7
Warning (10240): Verilog HDL Always Construct warning at rom_d.v(6): inferring latch(es) for variable "data", which holds its previous value in one or more paths through the always construct File: C:/Users/Admin/Downloads/digital_lab_05_stud/led_top/rom_d.v Line: 6
Info (10041): Inferred latch for "data[0]" at rom_d.v(6) File: C:/Users/Admin/Downloads/digital_lab_05_stud/led_top/rom_d.v Line: 6
Info (10041): Inferred latch for "data[1]" at rom_d.v(6) File: C:/Users/Admin/Downloads/digital_lab_05_stud/led_top/rom_d.v Line: 6
Info (10041): Inferred latch for "data[2]" at rom_d.v(6) File: C:/Users/Admin/Downloads/digital_lab_05_stud/led_top/rom_d.v Line: 6
Info (10041): Inferred latch for "data[3]" at rom_d.v(6) File: C:/Users/Admin/Downloads/digital_lab_05_stud/led_top/rom_d.v Line: 6
Info (10041): Inferred latch for "data[4]" at rom_d.v(6) File: C:/Users/Admin/Downloads/digital_lab_05_stud/led_top/rom_d.v Line: 6
Info (10041): Inferred latch for "data[5]" at rom_d.v(6) File: C:/Users/Admin/Downloads/digital_lab_05_stud/led_top/rom_d.v Line: 6
Info (10041): Inferred latch for "data[6]" at rom_d.v(6) File: C:/Users/Admin/Downloads/digital_lab_05_stud/led_top/rom_d.v Line: 6
Info (10041): Inferred latch for "data[7]" at rom_d.v(6) File: C:/Users/Admin/Downloads/digital_lab_05_stud/led_top/rom_d.v Line: 6
Info (10041): Inferred latch for "data[8]" at rom_d.v(6) File: C:/Users/Admin/Downloads/digital_lab_05_stud/led_top/rom_d.v Line: 6
Info (10041): Inferred latch for "data[9]" at rom_d.v(6) File: C:/Users/Admin/Downloads/digital_lab_05_stud/led_top/rom_d.v Line: 6
Info (13025): Duplicate LATCH primitives merged into single LATCH primitive
    Info (13026): Duplicate LATCH primitive "rom_c:comb_10|data[9]" merged with LATCH primitive "rom_c:comb_10|data[0]" File: C:/Users/Admin/Downloads/digital_lab_05_stud/led_top/rom_c.v Line: 6
    Info (13026): Duplicate LATCH primitive "rom_c:comb_10|data[8]" merged with LATCH primitive "rom_c:comb_10|data[1]" File: C:/Users/Admin/Downloads/digital_lab_05_stud/led_top/rom_c.v Line: 6
    Info (13026): Duplicate LATCH primitive "rom_c:comb_10|data[7]" merged with LATCH primitive "rom_c:comb_10|data[2]" File: C:/Users/Admin/Downloads/digital_lab_05_stud/led_top/rom_c.v Line: 6
    Info (13026): Duplicate LATCH primitive "rom_c:comb_10|data[6]" merged with LATCH primitive "rom_c:comb_10|data[3]" File: C:/Users/Admin/Downloads/digital_lab_05_stud/led_top/rom_c.v Line: 6
    Info (13026): Duplicate LATCH primitive "rom_c:comb_10|data[5]" merged with LATCH primitive "rom_c:comb_10|data[4]" File: C:/Users/Admin/Downloads/digital_lab_05_stud/led_top/rom_c.v Line: 6
Warning (13012): Latch rom_c:comb_10|data[0] has unsafe behavior File: C:/Users/Admin/Downloads/digital_lab_05_stud/led_top/rom_c.v Line: 6
    Warning (13013): Ports D and ENA on the latch are fed by the same signal updn_count:cnt2|count[2] File: C:/Users/Admin/Downloads/digital_lab_05_stud/led_top/updn_count.v Line: 17
Warning (13012): Latch rom_b:comb_9|data[0] has unsafe behavior File: C:/Users/Admin/Downloads/digital_lab_05_stud/led_top/rom_b.v Line: 6
    Warning (13013): Ports D and ENA on the latch are fed by the same signal updn_count:cnt1|count[4] File: C:/Users/Admin/Downloads/digital_lab_05_stud/led_top/updn_count.v Line: 17
Warning (13012): Latch rom_d:comb_11|data[0] has unsafe behavior File: C:/Users/Admin/Downloads/digital_lab_05_stud/led_top/rom_d.v Line: 6
    Warning (13013): Ports D and ENA on the latch are fed by the same signal updn_count:cnt2|count[3] File: C:/Users/Admin/Downloads/digital_lab_05_stud/led_top/updn_count.v Line: 17
Warning (13012): Latch rom_b:comb_9|data[1] has unsafe behavior File: C:/Users/Admin/Downloads/digital_lab_05_stud/led_top/rom_b.v Line: 6
    Warning (13013): Ports D and ENA on the latch are fed by the same signal updn_count:cnt1|count[3] File: C:/Users/Admin/Downloads/digital_lab_05_stud/led_top/updn_count.v Line: 17
Warning (13012): Latch rom_c:comb_10|data[1] has unsafe behavior File: C:/Users/Admin/Downloads/digital_lab_05_stud/led_top/rom_c.v Line: 6
    Warning (13013): Ports D and ENA on the latch are fed by the same signal updn_count:cnt2|count[4] File: C:/Users/Admin/Downloads/digital_lab_05_stud/led_top/updn_count.v Line: 17
Warning (13012): Latch rom_d:comb_11|data[1] has unsafe behavior File: C:/Users/Admin/Downloads/digital_lab_05_stud/led_top/rom_d.v Line: 6
    Warning (13013): Ports D and ENA on the latch are fed by the same signal updn_count:cnt2|count[1] File: C:/Users/Admin/Downloads/digital_lab_05_stud/led_top/updn_count.v Line: 17
Warning (13012): Latch rom_c:comb_10|data[2] has unsafe behavior File: C:/Users/Admin/Downloads/digital_lab_05_stud/led_top/rom_c.v Line: 6
    Warning (13013): Ports D and ENA on the latch are fed by the same signal updn_count:cnt2|count[4] File: C:/Users/Admin/Downloads/digital_lab_05_stud/led_top/updn_count.v Line: 17
Warning (13012): Latch rom_b:comb_9|data[2] has unsafe behavior File: C:/Users/Admin/Downloads/digital_lab_05_stud/led_top/rom_b.v Line: 6
    Warning (13013): Ports D and ENA on the latch are fed by the same signal updn_count:cnt1|count[3] File: C:/Users/Admin/Downloads/digital_lab_05_stud/led_top/updn_count.v Line: 17
Warning (13012): Latch rom_d:comb_11|data[2] has unsafe behavior File: C:/Users/Admin/Downloads/digital_lab_05_stud/led_top/rom_d.v Line: 6
    Warning (13013): Ports D and ENA on the latch are fed by the same signal updn_count:cnt2|count[1] File: C:/Users/Admin/Downloads/digital_lab_05_stud/led_top/updn_count.v Line: 17
Warning (13012): Latch rom_b:comb_9|data[3] has unsafe behavior File: C:/Users/Admin/Downloads/digital_lab_05_stud/led_top/rom_b.v Line: 6
    Warning (13013): Ports D and ENA on the latch are fed by the same signal updn_count:cnt1|count[3] File: C:/Users/Admin/Downloads/digital_lab_05_stud/led_top/updn_count.v Line: 17
Warning (13012): Latch rom_c:comb_10|data[3] has unsafe behavior File: C:/Users/Admin/Downloads/digital_lab_05_stud/led_top/rom_c.v Line: 6
    Warning (13013): Ports D and ENA on the latch are fed by the same signal updn_count:cnt2|count[4] File: C:/Users/Admin/Downloads/digital_lab_05_stud/led_top/updn_count.v Line: 17
Warning (13012): Latch rom_d:comb_11|data[3] has unsafe behavior File: C:/Users/Admin/Downloads/digital_lab_05_stud/led_top/rom_d.v Line: 6
    Warning (13013): Ports D and ENA on the latch are fed by the same signal updn_count:cnt2|count[1] File: C:/Users/Admin/Downloads/digital_lab_05_stud/led_top/updn_count.v Line: 17
Warning (13012): Latch rom_c:comb_10|data[4] has unsafe behavior File: C:/Users/Admin/Downloads/digital_lab_05_stud/led_top/rom_c.v Line: 6
    Warning (13013): Ports D and ENA on the latch are fed by the same signal updn_count:cnt2|count[2] File: C:/Users/Admin/Downloads/digital_lab_05_stud/led_top/updn_count.v Line: 17
Warning (13012): Latch rom_b:comb_9|data[4] has unsafe behavior File: C:/Users/Admin/Downloads/digital_lab_05_stud/led_top/rom_b.v Line: 6
    Warning (13013): Ports D and ENA on the latch are fed by the same signal updn_count:cnt1|count[3] File: C:/Users/Admin/Downloads/digital_lab_05_stud/led_top/updn_count.v Line: 17
Warning (13012): Latch rom_d:comb_11|data[4] has unsafe behavior File: C:/Users/Admin/Downloads/digital_lab_05_stud/led_top/rom_d.v Line: 6
    Warning (13013): Ports D and ENA on the latch are fed by the same signal updn_count:cnt2|count[2] File: C:/Users/Admin/Downloads/digital_lab_05_stud/led_top/updn_count.v Line: 17
Warning (13012): Latch rom_b:comb_9|data[5] has unsafe behavior File: C:/Users/Admin/Downloads/digital_lab_05_stud/led_top/rom_b.v Line: 6
    Warning (13013): Ports D and ENA on the latch are fed by the same signal updn_count:cnt1|count[4] File: C:/Users/Admin/Downloads/digital_lab_05_stud/led_top/updn_count.v Line: 17
Warning (13012): Latch rom_d:comb_11|data[5] has unsafe behavior File: C:/Users/Admin/Downloads/digital_lab_05_stud/led_top/rom_d.v Line: 6
    Warning (13013): Ports D and ENA on the latch are fed by the same signal updn_count:cnt2|count[1] File: C:/Users/Admin/Downloads/digital_lab_05_stud/led_top/updn_count.v Line: 17
Warning (13012): Latch rom_b:comb_9|data[6] has unsafe behavior File: C:/Users/Admin/Downloads/digital_lab_05_stud/led_top/rom_b.v Line: 6
    Warning (13013): Ports D and ENA on the latch are fed by the same signal updn_count:cnt1|count[4] File: C:/Users/Admin/Downloads/digital_lab_05_stud/led_top/updn_count.v Line: 17
Warning (13012): Latch rom_d:comb_11|data[6] has unsafe behavior File: C:/Users/Admin/Downloads/digital_lab_05_stud/led_top/rom_d.v Line: 6
    Warning (13013): Ports D and ENA on the latch are fed by the same signal updn_count:cnt2|count[1] File: C:/Users/Admin/Downloads/digital_lab_05_stud/led_top/updn_count.v Line: 17
Warning (13012): Latch rom_b:comb_9|data[7] has unsafe behavior File: C:/Users/Admin/Downloads/digital_lab_05_stud/led_top/rom_b.v Line: 6
    Warning (13013): Ports D and ENA on the latch are fed by the same signal updn_count:cnt1|count[4] File: C:/Users/Admin/Downloads/digital_lab_05_stud/led_top/updn_count.v Line: 17
Warning (13012): Latch rom_d:comb_11|data[7] has unsafe behavior File: C:/Users/Admin/Downloads/digital_lab_05_stud/led_top/rom_d.v Line: 6
    Warning (13013): Ports D and ENA on the latch are fed by the same signal updn_count:cnt2|count[4] File: C:/Users/Admin/Downloads/digital_lab_05_stud/led_top/updn_count.v Line: 17
Warning (13012): Latch rom_b:comb_9|data[8] has unsafe behavior File: C:/Users/Admin/Downloads/digital_lab_05_stud/led_top/rom_b.v Line: 6
    Warning (13013): Ports D and ENA on the latch are fed by the same signal updn_count:cnt1|count[4] File: C:/Users/Admin/Downloads/digital_lab_05_stud/led_top/updn_count.v Line: 17
Warning (13012): Latch rom_d:comb_11|data[8] has unsafe behavior File: C:/Users/Admin/Downloads/digital_lab_05_stud/led_top/rom_d.v Line: 6
    Warning (13013): Ports D and ENA on the latch are fed by the same signal updn_count:cnt2|count[3] File: C:/Users/Admin/Downloads/digital_lab_05_stud/led_top/updn_count.v Line: 17
Warning (13012): Latch rom_b:comb_9|data[9] has unsafe behavior File: C:/Users/Admin/Downloads/digital_lab_05_stud/led_top/rom_b.v Line: 6
    Warning (13013): Ports D and ENA on the latch are fed by the same signal updn_count:cnt1|count[4] File: C:/Users/Admin/Downloads/digital_lab_05_stud/led_top/updn_count.v Line: 17
Warning (13012): Latch rom_d:comb_11|data[9] has unsafe behavior File: C:/Users/Admin/Downloads/digital_lab_05_stud/led_top/rom_d.v Line: 6
    Warning (13013): Ports D and ENA on the latch are fed by the same signal updn_count:cnt2|count[3] File: C:/Users/Admin/Downloads/digital_lab_05_stud/led_top/updn_count.v Line: 17
Info (286030): Timing-Driven Synthesis is running
Info (16010): Generating hard_block partition "hard_block:auto_generated_inst"
    Info (16011): Adding 0 node(s), including 0 DDIO, 0 PLL, 0 transceiver and 0 LCELL
Info (21057): Implemented 161 device resources after synthesis - the final resource count might be different
    Info (21058): Implemented 4 input pins
    Info (21059): Implemented 10 output pins
    Info (21061): Implemented 147 logic cells
Info: Quartus Prime Analysis & Synthesis was successful. 0 errors, 71 warnings
    Info: Peak virtual memory: 4792 megabytes
    Info: Processing ended: Wed Mar 27 10:53:46 2024
    Info: Elapsed time: 00:00:07
    Info: Total CPU time (on all processors): 00:00:15


