Running: C:\Xilinx\14.7\ISE_DS\ISE\bin\nt64\unwrapped\fuse.exe -intstyle ise -incremental -lib uni9000_ver -lib aim_ver -lib cpld_ver -lib xilinxcorelib_ver -o C:/ncue_logic_design/response_system/test13_isim_beh.exe -prj C:/ncue_logic_design/response_system/test13_beh.prj work.test13 work.glbl 
ISim P.20131013 (signature 0x7708f090)
Number of CPUs detected in this system: 16
Turning on mult-threading, number of parallel sub-compilation jobs: 32 
Determining compilation order of HDL files
Analyzing Verilog file "C:/ncue_logic_design/response_system/service.v" into library work
Analyzing Verilog file "C:/ncue_logic_design/response_system/number.v" into library work
Analyzing Verilog file "C:/ncue_logic_design/response_system/call_number.v" into library work
Analyzing Verilog file "C:/ncue_logic_design/response_system/response_system_top.v" into library work
Analyzing Verilog file "C:/ncue_logic_design/response_system/test13.v" into library work
Analyzing Verilog file "C:/Xilinx/14.7/ISE_DS/ISE//verilog/src/glbl.v" into library work
Starting static elaboration
Completed static elaboration
Compiling module number
Compiling module call_number
Compiling module service
Compiling module response_system_top
Compiling module test13
Compiling module glbl
Time Resolution for simulation is 1ps.
Compiled 6 Verilog Units
Built simulation executable C:/ncue_logic_design/response_system/test13_isim_beh.exe
Fuse Memory Usage: 29804 KB
Fuse CPU Usage: 202 ms
