Command line:
   service_isim_beh.exe
     -simmode  gui
     -simrunnum  0
     -socket  65486

Sun Jun 09 21:43:43 2024


 Elaboration Time: 0 sec

 Current Memory Usage: 5166.32 Meg

 Total Signals          : 17
 Total Nets             : 65
 Total Signal Drivers   : 16
 Total Blocks           : 2
 Total Primitive Blocks : 2
 Total Processes        : 18
 Total Traceable Variables  : 39
 Total Scalar Nets and Variables : 211
Total Line Count : 98

 Total Simulation Time: 0 sec

 Current Memory Usage: 5166.32 Meg

Sun Jun 09 21:43:57 2024

