Analysis & Synthesis report for Alarm_clock
Wed May 01 11:11:34 2024
Quartus Prime Version 20.1.0 Build 711 06/05/2020 SJ Lite Edition


---------------------
; Table of Contents ;
---------------------
  1. Legal Notice
  2. Analysis & Synthesis Summary
  3. Analysis & Synthesis Settings
  4. Parallel Compilation
  5. Analysis & Synthesis Source Files Read
  6. Analysis & Synthesis Resource Usage Summary
  7. Analysis & Synthesis Resource Utilization by Entity
  8. Registers Removed During Synthesis
  9. General Register Statistics
 10. Multiplexer Restructuring Statistics (Restructuring Performed)
 11. Parameter Settings for User Entity Instance: freq_div:f1
 12. Parameter Settings for User Entity Instance: freq_div:f2
 13. Port Connectivity Checks: "num_to_seg7_0_9:m4"
 14. Port Connectivity Checks: "num_to_seg7_0_9:m3"
 15. Port Connectivity Checks: "num_to_seg7_0_9:m2"
 16. Port Connectivity Checks: "num_to_seg7_0_9:m1"
 17. Port Connectivity Checks: "alarm_clock:m0"
 18. Post-Synthesis Netlist Statistics for Top Partition
 19. Elapsed Time Per Partition
 20. Analysis & Synthesis Messages



----------------
; Legal Notice ;
----------------
Copyright (C) 2020  Intel Corporation. All rights reserved.
Your use of Intel Corporation's design tools, logic functions 
and other software and tools, and any partner logic 
functions, and any output files from any of the foregoing 
(including device programming or simulation files), and any 
associated documentation or information are expressly subject 
to the terms and conditions of the Intel Program License 
Subscription Agreement, the Intel Quartus Prime License Agreement,
the Intel FPGA IP License Agreement, or other applicable license
agreement, including, without limitation, that your use is for
the sole purpose of programming logic devices manufactured by
Intel and sold by Intel or its authorized distributors.  Please
refer to the applicable agreement for further details, at
https://fpgasoftware.intel.com/eula.



+----------------------------------------------------------------------------------+
; Analysis & Synthesis Summary                                                     ;
+------------------------------------+---------------------------------------------+
; Analysis & Synthesis Status        ; Successful - Wed May 01 11:11:34 2024       ;
; Quartus Prime Version              ; 20.1.0 Build 711 06/05/2020 SJ Lite Edition ;
; Revision Name                      ; Alarm_clock                                 ;
; Top-level Entity Name              ; alarm_clock_top                             ;
; Family                             ; MAX 10                                      ;
; Total logic elements               ; 139                                         ;
;     Total combinational functions  ; 139                                         ;
;     Dedicated logic registers      ; 47                                          ;
; Total registers                    ; 47                                          ;
; Total pins                         ; 45                                          ;
; Total virtual pins                 ; 0                                           ;
; Total memory bits                  ; 0                                           ;
; Embedded Multiplier 9-bit elements ; 0                                           ;
; Total PLLs                         ; 0                                           ;
; UFM blocks                         ; 0                                           ;
; ADC blocks                         ; 0                                           ;
+------------------------------------+---------------------------------------------+


+------------------------------------------------------------------------------------------------------------+
; Analysis & Synthesis Settings                                                                              ;
+------------------------------------------------------------------+--------------------+--------------------+
; Option                                                           ; Setting            ; Default Value      ;
+------------------------------------------------------------------+--------------------+--------------------+
; Device                                                           ; 10M50DAF484C7G     ;                    ;
; Top-level entity name                                            ; alarm_clock_top    ; Alarm_clock        ;
; Family name                                                      ; MAX 10             ; Cyclone V          ;
; Use smart compilation                                            ; Off                ; Off                ;
; Enable parallel Assembler and Timing Analyzer during compilation ; On                 ; On                 ;
; Enable compact report table                                      ; Off                ; Off                ;
; Restructure Multiplexers                                         ; Auto               ; Auto               ;
; Create Debugging Nodes for IP Cores                              ; Off                ; Off                ;
; Preserve fewer node names                                        ; On                 ; On                 ;
; Intel FPGA IP Evaluation Mode                                    ; Enable             ; Enable             ;
; Verilog Version                                                  ; Verilog_2001       ; Verilog_2001       ;
; VHDL Version                                                     ; VHDL_1993          ; VHDL_1993          ;
; State Machine Processing                                         ; Auto               ; Auto               ;
; Safe State Machine                                               ; Off                ; Off                ;
; Extract Verilog State Machines                                   ; On                 ; On                 ;
; Extract VHDL State Machines                                      ; On                 ; On                 ;
; Ignore Verilog initial constructs                                ; Off                ; Off                ;
; Iteration limit for constant Verilog loops                       ; 5000               ; 5000               ;
; Iteration limit for non-constant Verilog loops                   ; 250                ; 250                ;
; Add Pass-Through Logic to Inferred RAMs                          ; On                 ; On                 ;
; Infer RAMs from Raw Logic                                        ; On                 ; On                 ;
; Parallel Synthesis                                               ; On                 ; On                 ;
; DSP Block Balancing                                              ; Auto               ; Auto               ;
; NOT Gate Push-Back                                               ; On                 ; On                 ;
; Power-Up Don't Care                                              ; On                 ; On                 ;
; Remove Redundant Logic Cells                                     ; Off                ; Off                ;
; Remove Duplicate Registers                                       ; On                 ; On                 ;
; Ignore CARRY Buffers                                             ; Off                ; Off                ;
; Ignore CASCADE Buffers                                           ; Off                ; Off                ;
; Ignore GLOBAL Buffers                                            ; Off                ; Off                ;
; Ignore ROW GLOBAL Buffers                                        ; Off                ; Off                ;
; Ignore LCELL Buffers                                             ; Off                ; Off                ;
; Ignore SOFT Buffers                                              ; On                 ; On                 ;
; Limit AHDL Integers to 32 Bits                                   ; Off                ; Off                ;
; Optimization Technique                                           ; Balanced           ; Balanced           ;
; Carry Chain Length                                               ; 70                 ; 70                 ;
; Auto Carry Chains                                                ; On                 ; On                 ;
; Auto Open-Drain Pins                                             ; On                 ; On                 ;
; Perform WYSIWYG Primitive Resynthesis                            ; Off                ; Off                ;
; Auto ROM Replacement                                             ; On                 ; On                 ;
; Auto RAM Replacement                                             ; On                 ; On                 ;
; Auto DSP Block Replacement                                       ; On                 ; On                 ;
; Auto Shift Register Replacement                                  ; Auto               ; Auto               ;
; Allow Shift Register Merging across Hierarchies                  ; Auto               ; Auto               ;
; Auto Clock Enable Replacement                                    ; On                 ; On                 ;
; Strict RAM Replacement                                           ; Off                ; Off                ;
; Allow Synchronous Control Signals                                ; On                 ; On                 ;
; Force Use of Synchronous Clear Signals                           ; Off                ; Off                ;
; Auto RAM Block Balancing                                         ; On                 ; On                 ;
; Auto RAM to Logic Cell Conversion                                ; Off                ; Off                ;
; Auto Resource Sharing                                            ; Off                ; Off                ;
; Allow Any RAM Size For Recognition                               ; Off                ; Off                ;
; Allow Any ROM Size For Recognition                               ; Off                ; Off                ;
; Allow Any Shift Register Size For Recognition                    ; Off                ; Off                ;
; Use LogicLock Constraints during Resource Balancing              ; On                 ; On                 ;
; Ignore translate_off and synthesis_off directives                ; Off                ; Off                ;
; Timing-Driven Synthesis                                          ; On                 ; On                 ;
; Report Parameter Settings                                        ; On                 ; On                 ;
; Report Source Assignments                                        ; On                 ; On                 ;
; Report Connectivity Checks                                       ; On                 ; On                 ;
; Ignore Maximum Fan-Out Assignments                               ; Off                ; Off                ;
; Synchronization Register Chain Length                            ; 2                  ; 2                  ;
; Power Optimization During Synthesis                              ; Normal compilation ; Normal compilation ;
; HDL message level                                                ; Level2             ; Level2             ;
; Suppress Register Optimization Related Messages                  ; Off                ; Off                ;
; Number of Removed Registers Reported in Synthesis Report         ; 5000               ; 5000               ;
; Number of Swept Nodes Reported in Synthesis Report               ; 5000               ; 5000               ;
; Number of Inverted Registers Reported in Synthesis Report        ; 100                ; 100                ;
; Clock MUX Protection                                             ; On                 ; On                 ;
; Auto Gated Clock Conversion                                      ; Off                ; Off                ;
; Block Design Naming                                              ; Auto               ; Auto               ;
; SDC constraint protection                                        ; Off                ; Off                ;
; Synthesis Effort                                                 ; Auto               ; Auto               ;
; Shift Register Replacement - Allow Asynchronous Clear Signal     ; On                 ; On                 ;
; Pre-Mapping Resynthesis Optimization                             ; Off                ; Off                ;
; Analysis & Synthesis Message Level                               ; Medium             ; Medium             ;
; Disable Register Merging Across Hierarchies                      ; Auto               ; Auto               ;
; Resource Aware Inference For Block RAM                           ; On                 ; On                 ;
+------------------------------------------------------------------+--------------------+--------------------+


+------------------------------------------+
; Parallel Compilation                     ;
+----------------------------+-------------+
; Processors                 ; Number      ;
+----------------------------+-------------+
; Number detected on machine ; 8           ;
; Maximum allowed            ; 8           ;
;                            ;             ;
; Average used               ; 1.00        ;
; Maximum used               ; 8           ;
;                            ;             ;
; Usage by Processor         ; % Time Used ;
;     Processor 1            ; 100.0%      ;
;     Processors 2-8         ;   0.0%      ;
+----------------------------+-------------+


+--------------------------------------------------------------------------------------------------------------------------------+
; Analysis & Synthesis Source Files Read                                                                                         ;
+----------------------------------+-----------------+------------------------+----------------------------------------+---------+
; File Name with User-Entered Path ; Used in Netlist ; File Type              ; File Name with Absolute Path           ; Library ;
+----------------------------------+-----------------+------------------------+----------------------------------------+---------+
; num_to_seg7_0_9.v                ; yes             ; User Verilog HDL File  ; D:/willy/Alarm_clock/num_to_seg7_0_9.v ;         ;
; freq_div.v                       ; yes             ; User Verilog HDL File  ; D:/willy/Alarm_clock/freq_div.v        ;         ;
; cnt_00_59_bcd.v                  ; yes             ; User Verilog HDL File  ; D:/willy/Alarm_clock/cnt_00_59_bcd.v   ;         ;
; cnt_00_23_bcd.v                  ; yes             ; User Verilog HDL File  ; D:/willy/Alarm_clock/cnt_00_23_bcd.v   ;         ;
; clock.v                          ; yes             ; User Verilog HDL File  ; D:/willy/Alarm_clock/clock.v           ;         ;
; alarm_clock.v                    ; yes             ; User Verilog HDL File  ; D:/willy/Alarm_clock/alarm_clock.v     ;         ;
; alarm_clock_top.v                ; yes             ; User Verilog HDL File  ; D:/willy/Alarm_clock/alarm_clock_top.v ;         ;
+----------------------------------+-----------------+------------------------+----------------------------------------+---------+


+---------------------------------------------------------+
; Analysis & Synthesis Resource Usage Summary             ;
+---------------------------------------------+-----------+
; Resource                                    ; Usage     ;
+---------------------------------------------+-----------+
; Estimated Total logic elements              ; 139       ;
;                                             ;           ;
; Total combinational functions               ; 139       ;
; Logic element usage by number of LUT inputs ;           ;
;     -- 4 input functions                    ; 69        ;
;     -- 3 input functions                    ; 15        ;
;     -- <=2 input functions                  ; 55        ;
;                                             ;           ;
; Logic elements by mode                      ;           ;
;     -- normal mode                          ; 96        ;
;     -- arithmetic mode                      ; 43        ;
;                                             ;           ;
; Total registers                             ; 47        ;
;     -- Dedicated logic registers            ; 47        ;
;     -- I/O registers                        ; 0         ;
;                                             ;           ;
; I/O pins                                    ; 45        ;
;                                             ;           ;
; Embedded Multiplier 9-bit elements          ; 0         ;
;                                             ;           ;
; Maximum fan-out node                        ; rst~input ;
; Maximum fan-out                             ; 47        ;
; Total fan-out                               ; 645       ;
; Average fan-out                             ; 2.34      ;
+---------------------------------------------+-----------+


+-------------------------------------------------------------------------------------------------------------------------------------------------------------------------------------------------------------------------------------------------------------------------------+
; Analysis & Synthesis Resource Utilization by Entity                                                                                                                                                                                                                           ;
+-----------------------------+---------------------+---------------------------+-------------+------------+--------------+---------+-----------+------+--------------+------------+-----------------------------------------------------------+-----------------+--------------+
; Compilation Hierarchy Node  ; Combinational ALUTs ; Dedicated Logic Registers ; Memory Bits ; UFM Blocks ; DSP Elements ; DSP 9x9 ; DSP 18x18 ; Pins ; Virtual Pins ; ADC blocks ; Full Hierarchy Name                                       ; Entity Name     ; Library Name ;
+-----------------------------+---------------------+---------------------------+-------------+------------+--------------+---------+-----------+------+--------------+------------+-----------------------------------------------------------+-----------------+--------------+
; |alarm_clock_top            ; 139 (1)             ; 47 (0)                    ; 0           ; 0          ; 0            ; 0       ; 0         ; 45   ; 0            ; 0          ; |alarm_clock_top                                          ; alarm_clock_top ; work         ;
;    |alarm_clock:m0|         ; 64 (35)             ; 21 (5)                    ; 0           ; 0          ; 0            ; 0       ; 0         ; 0    ; 0            ; 0          ; |alarm_clock_top|alarm_clock:m0                           ; alarm_clock     ; work         ;
;       |clock:m0|            ; 29 (0)              ; 16 (0)                    ; 0           ; 0          ; 0            ; 0       ; 0         ; 0    ; 0            ; 0          ; |alarm_clock_top|alarm_clock:m0|clock:m0                  ; clock           ; work         ;
;          |cnt_00_23_bcd:m0| ; 16 (16)             ; 8 (8)                     ; 0           ; 0          ; 0            ; 0       ; 0         ; 0    ; 0            ; 0          ; |alarm_clock_top|alarm_clock:m0|clock:m0|cnt_00_23_bcd:m0 ; cnt_00_23_bcd   ; work         ;
;          |cnt_00_59_bcd:m1| ; 13 (13)             ; 8 (8)                     ; 0           ; 0          ; 0            ; 0       ; 0         ; 0    ; 0            ; 0          ; |alarm_clock_top|alarm_clock:m0|clock:m0|cnt_00_59_bcd:m1 ; cnt_00_59_bcd   ; work         ;
;    |freq_div:f1|            ; 21 (21)             ; 20 (20)                   ; 0           ; 0          ; 0            ; 0       ; 0         ; 0    ; 0            ; 0          ; |alarm_clock_top|freq_div:f1                              ; freq_div        ; work         ;
;    |freq_div:f2|            ; 25 (25)             ; 6 (6)                     ; 0           ; 0          ; 0            ; 0       ; 0         ; 0    ; 0            ; 0          ; |alarm_clock_top|freq_div:f2                              ; freq_div        ; work         ;
;    |num_to_seg7_0_9:m1|     ; 7 (7)               ; 0 (0)                     ; 0           ; 0          ; 0            ; 0       ; 0         ; 0    ; 0            ; 0          ; |alarm_clock_top|num_to_seg7_0_9:m1                       ; num_to_seg7_0_9 ; work         ;
;    |num_to_seg7_0_9:m2|     ; 7 (7)               ; 0 (0)                     ; 0           ; 0          ; 0            ; 0       ; 0         ; 0    ; 0            ; 0          ; |alarm_clock_top|num_to_seg7_0_9:m2                       ; num_to_seg7_0_9 ; work         ;
;    |num_to_seg7_0_9:m3|     ; 7 (7)               ; 0 (0)                     ; 0           ; 0          ; 0            ; 0       ; 0         ; 0    ; 0            ; 0          ; |alarm_clock_top|num_to_seg7_0_9:m3                       ; num_to_seg7_0_9 ; work         ;
;    |num_to_seg7_0_9:m4|     ; 7 (7)               ; 0 (0)                     ; 0           ; 0          ; 0            ; 0       ; 0         ; 0    ; 0            ; 0          ; |alarm_clock_top|num_to_seg7_0_9:m4                       ; num_to_seg7_0_9 ; work         ;
+-----------------------------+---------------------+---------------------------+-------------+------------+--------------+---------+-----------+------+--------------+------------+-----------------------------------------------------------+-----------------+--------------+
Note: For table entries with two numbers listed, the numbers in parentheses indicate the number of resources of the given type used by the specific entity alone. The numbers listed outside of parentheses indicate the total resources of the given type used by the specific entity and all of its sub-entities in the hierarchy.


+------------------------------------------------------------------------------+
; Registers Removed During Synthesis                                           ;
+----------------------------------------+-------------------------------------+
; Register name                          ; Reason for Removal                  ;
+----------------------------------------+-------------------------------------+
; freq_div:f1|divider[0]                 ; Merged with freq_div:f2|divider[0]  ;
; freq_div:f1|divider[1]                 ; Merged with freq_div:f2|divider[1]  ;
; freq_div:f2|divider[2]                 ; Merged with freq_div:f1|divider[2]  ;
; freq_div:f2|divider[3]                 ; Merged with freq_div:f1|divider[3]  ;
; freq_div:f2|divider[4]                 ; Merged with freq_div:f1|divider[4]  ;
; freq_div:f2|divider[5]                 ; Merged with freq_div:f1|divider[5]  ;
; freq_div:f2|divider[6]                 ; Merged with freq_div:f1|divider[6]  ;
; freq_div:f2|divider[7]                 ; Merged with freq_div:f1|divider[7]  ;
; freq_div:f2|divider[8]                 ; Merged with freq_div:f1|divider[8]  ;
; freq_div:f2|divider[9]                 ; Merged with freq_div:f1|divider[9]  ;
; freq_div:f2|divider[10]                ; Merged with freq_div:f1|divider[10] ;
; freq_div:f2|divider[11]                ; Merged with freq_div:f1|divider[11] ;
; freq_div:f2|divider[12]                ; Merged with freq_div:f1|divider[12] ;
; freq_div:f2|divider[13]                ; Merged with freq_div:f1|divider[13] ;
; freq_div:f2|divider[14]                ; Merged with freq_div:f1|divider[14] ;
; freq_div:f2|divider[15]                ; Merged with freq_div:f1|divider[15] ;
; freq_div:f2|divider[16]                ; Merged with freq_div:f1|divider[16] ;
; freq_div:f2|divider[17]                ; Merged with freq_div:f1|divider[17] ;
; freq_div:f2|divider[18]                ; Merged with freq_div:f1|divider[18] ;
; freq_div:f2|divider[19]                ; Merged with freq_div:f1|divider[19] ;
; freq_div:f2|divider[20]                ; Merged with freq_div:f1|divider[20] ;
; Total Number of Removed Registers = 21 ;                                     ;
+----------------------------------------+-------------------------------------+


+------------------------------------------------------+
; General Register Statistics                          ;
+----------------------------------------------+-------+
; Statistic                                    ; Value ;
+----------------------------------------------+-------+
; Total registers                              ; 47    ;
; Number of registers using Synchronous Clear  ; 0     ;
; Number of registers using Synchronous Load   ; 0     ;
; Number of registers using Asynchronous Clear ; 43    ;
; Number of registers using Asynchronous Load  ; 0     ;
; Number of registers using Clock Enable       ; 8     ;
; Number of registers using Preset             ; 0     ;
+----------------------------------------------+-------+


+---------------------------------------------------------------------------------------------------------------------------------------------------------------------------------+
; Multiplexer Restructuring Statistics (Restructuring Performed)                                                                                                                  ;
+--------------------+-----------+---------------+----------------------+------------------------+------------+-------------------------------------------------------------------+
; Multiplexer Inputs ; Bus Width ; Baseline Area ; Area if Restructured ; Saving if Restructured ; Registered ; Example Multiplexer Output                                        ;
+--------------------+-----------+---------------+----------------------+------------------------+------------+-------------------------------------------------------------------+
; 3:1                ; 4 bits    ; 8 LEs         ; 4 LEs                ; 4 LEs                  ; Yes        ; |alarm_clock_top|alarm_clock:m0|clock:m0|cnt_00_23_bcd:m0|cnt1[3] ;
; 3:1                ; 4 bits    ; 8 LEs         ; 4 LEs                ; 4 LEs                  ; Yes        ; |alarm_clock_top|alarm_clock:m0|clock:m0|cnt_00_23_bcd:m0|cnt0[3] ;
; 3:1                ; 4 bits    ; 8 LEs         ; 4 LEs                ; 4 LEs                  ; Yes        ; |alarm_clock_top|alarm_clock:m0|clock:m0|cnt_00_59_bcd:m1|cnt1[3] ;
; 3:1                ; 4 bits    ; 8 LEs         ; 4 LEs                ; 4 LEs                  ; Yes        ; |alarm_clock_top|alarm_clock:m0|clock:m0|cnt_00_59_bcd:m1|cnt0[3] ;
+--------------------+-----------+---------------+----------------------+------------------------+------------+-------------------------------------------------------------------+


+----------------------------------------------------------+
; Parameter Settings for User Entity Instance: freq_div:f1 ;
+----------------+-------+---------------------------------+
; Parameter Name ; Value ; Type                            ;
+----------------+-------+---------------------------------+
; EXP            ; 22    ; Signed Integer                  ;
+----------------+-------+---------------------------------+
Note: In order to hide this table in the UI and the text report file, please set the "Show Parameter Settings in Synthesis Report" option in "Analysis and Synthesis Settings -> More Settings" to "Off".


+----------------------------------------------------------+
; Parameter Settings for User Entity Instance: freq_div:f2 ;
+----------------+-------+---------------------------------+
; Parameter Name ; Value ; Type                            ;
+----------------+-------+---------------------------------+
; EXP            ; 25    ; Signed Integer                  ;
+----------------+-------+---------------------------------+
Note: In order to hide this table in the UI and the text report file, please set the "Show Parameter Settings in Synthesis Report" option in "Analysis and Synthesis Settings -> More Settings" to "Off".


+------------------------------------------------------------------------------------------------------------------------------------------------------------------------------------------------------------+
; Port Connectivity Checks: "num_to_seg7_0_9:m4"                                                                                                                                                             ;
+------+-------+----------+----------------------------------------------------------------------------------------------------------------------------------------------------------------------------------+
; Port ; Type  ; Severity ; Details                                                                                                                                                                          ;
+------+-------+----------+----------------------------------------------------------------------------------------------------------------------------------------------------------------------------------+
; num  ; Input ; Warning  ; Input port expression (5 bits) is wider than the input port (4 bits) it drives.  The 1 most-significant bit(s) in the expression will be dangling if they have no other fanouts. ;
+------+-------+----------+----------------------------------------------------------------------------------------------------------------------------------------------------------------------------------+


+------------------------------------------------------------------------------------------------------------------------------------------------------------------------------------------------------------+
; Port Connectivity Checks: "num_to_seg7_0_9:m3"                                                                                                                                                             ;
+------+-------+----------+----------------------------------------------------------------------------------------------------------------------------------------------------------------------------------+
; Port ; Type  ; Severity ; Details                                                                                                                                                                          ;
+------+-------+----------+----------------------------------------------------------------------------------------------------------------------------------------------------------------------------------+
; num  ; Input ; Warning  ; Input port expression (5 bits) is wider than the input port (4 bits) it drives.  The 1 most-significant bit(s) in the expression will be dangling if they have no other fanouts. ;
+------+-------+----------+----------------------------------------------------------------------------------------------------------------------------------------------------------------------------------+


+------------------------------------------------------------------------------------------------------------------------------------------------------------------------------------------------------------+
; Port Connectivity Checks: "num_to_seg7_0_9:m2"                                                                                                                                                             ;
+------+-------+----------+----------------------------------------------------------------------------------------------------------------------------------------------------------------------------------+
; Port ; Type  ; Severity ; Details                                                                                                                                                                          ;
+------+-------+----------+----------------------------------------------------------------------------------------------------------------------------------------------------------------------------------+
; num  ; Input ; Warning  ; Input port expression (5 bits) is wider than the input port (4 bits) it drives.  The 1 most-significant bit(s) in the expression will be dangling if they have no other fanouts. ;
+------+-------+----------+----------------------------------------------------------------------------------------------------------------------------------------------------------------------------------+


+------------------------------------------------------------------------------------------------------------------------------------------------------------------------------------------------------------+
; Port Connectivity Checks: "num_to_seg7_0_9:m1"                                                                                                                                                             ;
+------+-------+----------+----------------------------------------------------------------------------------------------------------------------------------------------------------------------------------+
; Port ; Type  ; Severity ; Details                                                                                                                                                                          ;
+------+-------+----------+----------------------------------------------------------------------------------------------------------------------------------------------------------------------------------+
; num  ; Input ; Warning  ; Input port expression (5 bits) is wider than the input port (4 bits) it drives.  The 1 most-significant bit(s) in the expression will be dangling if they have no other fanouts. ;
+------+-------+----------+----------------------------------------------------------------------------------------------------------------------------------------------------------------------------------+


+--------------------------------------------------------------------------------------------------------------------------------------------------------------------------------------------------+
; Port Connectivity Checks: "alarm_clock:m0"                                                                                                                                                       ;
+------+--------+----------+-----------------------------------------------------------------------------------------------------------------------------------------------------------------------+
; Port ; Type   ; Severity ; Details                                                                                                                                                               ;
+------+--------+----------+-----------------------------------------------------------------------------------------------------------------------------------------------------------------------+
; hr0  ; Input  ; Warning  ; Input port expression (3 bits) is smaller than the input port (4 bits) it drives.  Extra input bit(s) "hr0[3..3]" will be connected to GND.                           ;
; min1 ; Input  ; Warning  ; Input port expression (2 bits) is smaller than the input port (3 bits) it drives.  Extra input bit(s) "min1[2..2]" will be connected to GND.                          ;
; min0 ; Input  ; Warning  ; Input port expression (3 bits) is smaller than the input port (4 bits) it drives.  Extra input bit(s) "min0[3..3]" will be connected to GND.                          ;
; cnt3 ; Output ; Warning  ; Output or bidir port (4 bits) is smaller than the port expression (5 bits) it drives.  The 1 most-significant bit(s) in the port expression will be connected to GND. ;
; cnt2 ; Output ; Warning  ; Output or bidir port (4 bits) is smaller than the port expression (5 bits) it drives.  The 1 most-significant bit(s) in the port expression will be connected to GND. ;
; cnt1 ; Output ; Warning  ; Output or bidir port (4 bits) is smaller than the port expression (5 bits) it drives.  The 1 most-significant bit(s) in the port expression will be connected to GND. ;
; cnt0 ; Output ; Warning  ; Output or bidir port (4 bits) is smaller than the port expression (5 bits) it drives.  The 1 most-significant bit(s) in the port expression will be connected to GND. ;
+------+--------+----------+-----------------------------------------------------------------------------------------------------------------------------------------------------------------------+


+-----------------------------------------------------+
; Post-Synthesis Netlist Statistics for Top Partition ;
+-----------------------+-----------------------------+
; Type                  ; Count                       ;
+-----------------------+-----------------------------+
; boundary_port         ; 45                          ;
; cycloneiii_ff         ; 47                          ;
;     CLR               ; 39                          ;
;     ENA               ; 4                           ;
;     ENA CLR           ; 4                           ;
; cycloneiii_lcell_comb ; 144                         ;
;     arith             ; 43                          ;
;         2 data inputs ; 41                          ;
;         3 data inputs ; 2                           ;
;     normal            ; 101                         ;
;         0 data inputs ; 1                           ;
;         1 data inputs ; 9                           ;
;         2 data inputs ; 9                           ;
;         3 data inputs ; 13                          ;
;         4 data inputs ; 69                          ;
;                       ;                             ;
; Max LUT depth         ; 6.00                        ;
; Average LUT depth     ; 3.05                        ;
+-----------------------+-----------------------------+


+-------------------------------+
; Elapsed Time Per Partition    ;
+----------------+--------------+
; Partition Name ; Elapsed Time ;
+----------------+--------------+
; Top            ; 00:00:00     ;
+----------------+--------------+


+-------------------------------+
; Analysis & Synthesis Messages ;
+-------------------------------+
Info: *******************************************************************
Info: Running Quartus Prime Analysis & Synthesis
    Info: Version 20.1.0 Build 711 06/05/2020 SJ Lite Edition
    Info: Processing started: Wed May 01 11:11:27 2024
Info: Command: quartus_map --read_settings_files=on --write_settings_files=off Alarm_clock -c Alarm_clock
Warning (18236): Number of processors has not been specified which may cause overloading on shared machines.  Set the global assignment NUM_PARALLEL_PROCESSORS in your QSF to an appropriate value for best performance.
Info (20030): Parallel compilation is enabled and will use 8 of the 8 processors detected
Info (12021): Found 1 design units, including 1 entities, in source file num_to_seg7_0_9.v
    Info (12023): Found entity 1: num_to_seg7_0_9 File: D:/willy/Alarm_clock/num_to_seg7_0_9.v Line: 1
Info (12021): Found 1 design units, including 1 entities, in source file freq_div.v
    Info (12023): Found entity 1: freq_div File: D:/willy/Alarm_clock/freq_div.v Line: 1
Info (12021): Found 1 design units, including 1 entities, in source file cnt_00_59_bcd.v
    Info (12023): Found entity 1: cnt_00_59_bcd File: D:/willy/Alarm_clock/cnt_00_59_bcd.v Line: 1
Info (12021): Found 1 design units, including 1 entities, in source file cnt_00_23_bcd.v
    Info (12023): Found entity 1: cnt_00_23_bcd File: D:/willy/Alarm_clock/cnt_00_23_bcd.v Line: 1
Info (12021): Found 1 design units, including 1 entities, in source file clock.v
    Info (12023): Found entity 1: clock File: D:/willy/Alarm_clock/clock.v Line: 1
Info (12021): Found 1 design units, including 1 entities, in source file alarm_clock.v
    Info (12023): Found entity 1: alarm_clock File: D:/willy/Alarm_clock/alarm_clock.v Line: 1
Info (12021): Found 1 design units, including 1 entities, in source file alarm_clock_top.v
    Info (12023): Found entity 1: alarm_clock_top File: D:/willy/Alarm_clock/alarm_clock_top.v Line: 1
Info (12127): Elaborating entity "alarm_clock_top" for the top level hierarchy
Info (12128): Elaborating entity "freq_div" for hierarchy "freq_div:f1" File: D:/willy/Alarm_clock/alarm_clock_top.v Line: 21
Info (12128): Elaborating entity "freq_div" for hierarchy "freq_div:f2" File: D:/willy/Alarm_clock/alarm_clock_top.v Line: 22
Info (12128): Elaborating entity "alarm_clock" for hierarchy "alarm_clock:m0" File: D:/willy/Alarm_clock/alarm_clock_top.v Line: 27
Info (12128): Elaborating entity "clock" for hierarchy "alarm_clock:m0|clock:m0" File: D:/willy/Alarm_clock/alarm_clock.v Line: 15
Info (12128): Elaborating entity "cnt_00_23_bcd" for hierarchy "alarm_clock:m0|clock:m0|cnt_00_23_bcd:m0" File: D:/willy/Alarm_clock/clock.v Line: 8
Info (12128): Elaborating entity "cnt_00_59_bcd" for hierarchy "alarm_clock:m0|clock:m0|cnt_00_59_bcd:m1" File: D:/willy/Alarm_clock/clock.v Line: 9
Warning (10230): Verilog HDL assignment warning at cnt_00_59_bcd.v(19): truncated value with size 32 to match size of target (4) File: D:/willy/Alarm_clock/cnt_00_59_bcd.v Line: 19
Info (12128): Elaborating entity "num_to_seg7_0_9" for hierarchy "num_to_seg7_0_9:m1" File: D:/willy/Alarm_clock/alarm_clock_top.v Line: 29
Warning (12011): Net is missing source, defaulting to GND
    Warning (12110): Net "cnt3[4]" is missing source, defaulting to GND File: D:/willy/Alarm_clock/alarm_clock_top.v Line: 16
    Warning (12110): Net "cnt2[4]" is missing source, defaulting to GND File: D:/willy/Alarm_clock/alarm_clock_top.v Line: 16
    Warning (12110): Net "cnt1[4]" is missing source, defaulting to GND File: D:/willy/Alarm_clock/alarm_clock_top.v Line: 16
    Warning (12110): Net "cnt0[4]" is missing source, defaulting to GND File: D:/willy/Alarm_clock/alarm_clock_top.v Line: 16
Warning (12011): Net is missing source, defaulting to GND
    Warning (12110): Net "cnt3[4]" is missing source, defaulting to GND File: D:/willy/Alarm_clock/alarm_clock_top.v Line: 16
    Warning (12110): Net "cnt2[4]" is missing source, defaulting to GND File: D:/willy/Alarm_clock/alarm_clock_top.v Line: 16
    Warning (12110): Net "cnt1[4]" is missing source, defaulting to GND File: D:/willy/Alarm_clock/alarm_clock_top.v Line: 16
    Warning (12110): Net "cnt0[4]" is missing source, defaulting to GND File: D:/willy/Alarm_clock/alarm_clock_top.v Line: 16
Warning (12011): Net is missing source, defaulting to GND
    Warning (12110): Net "cnt3[4]" is missing source, defaulting to GND File: D:/willy/Alarm_clock/alarm_clock_top.v Line: 16
    Warning (12110): Net "cnt2[4]" is missing source, defaulting to GND File: D:/willy/Alarm_clock/alarm_clock_top.v Line: 16
    Warning (12110): Net "cnt1[4]" is missing source, defaulting to GND File: D:/willy/Alarm_clock/alarm_clock_top.v Line: 16
    Warning (12110): Net "cnt0[4]" is missing source, defaulting to GND File: D:/willy/Alarm_clock/alarm_clock_top.v Line: 16
Warning (19016): Clock multiplexers are found and protected
    Warning (19017): Found clock multiplexer clk_cnt File: D:/willy/Alarm_clock/alarm_clock_top.v Line: 24
Warning (12241): 5 hierarchies have connectivity warnings - see the Connectivity Checks report folder
Warning (13024): Output pins are stuck at VCC or GND
    Warning (13410): Pin "seg7_5_dpt" is stuck at VCC File: D:/willy/Alarm_clock/alarm_clock_top.v Line: 13
    Warning (13410): Pin "seg7_4_dpt" is stuck at VCC File: D:/willy/Alarm_clock/alarm_clock_top.v Line: 13
    Warning (13410): Pin "seg7_3_dpt" is stuck at VCC File: D:/willy/Alarm_clock/alarm_clock_top.v Line: 13
    Warning (13410): Pin "seg7_2_dpt" is stuck at VCC File: D:/willy/Alarm_clock/alarm_clock_top.v Line: 13
Info (286030): Timing-Driven Synthesis is running
Info (16010): Generating hard_block partition "hard_block:auto_generated_inst"
    Info (16011): Adding 0 node(s), including 0 DDIO, 0 PLL, 0 transceiver and 0 LCELL
Info (21057): Implemented 184 device resources after synthesis - the final resource count might be different
    Info (21058): Implemented 12 input pins
    Info (21059): Implemented 33 output pins
    Info (21061): Implemented 139 logic cells
Info: Quartus Prime Analysis & Synthesis was successful. 0 errors, 25 warnings
    Info: Peak virtual memory: 4794 megabytes
    Info: Processing ended: Wed May 01 11:11:34 2024
    Info: Elapsed time: 00:00:07
    Info: Total CPU time (on all processors): 00:00:15


